2019-05-15 09:28:59,133 INFO (StartupInfoLogger.java:50)- Starting TestMapApplication on PC201903011456 with PID 1592 (D:\develop\workSpaces\idea_project\test-map\target\classes started by Administrator in D:\develop\workSpaces\idea_project\test-map)
2019-05-15 09:28:59,169 INFO (SpringApplication.java:652)- No active profile set, falling back to default profiles: default
2019-05-15 09:29:05,586 INFO (StartupInfoLogger.java:59)- Started TestMapApplication in 9.007 seconds (JVM running for 10.132)
2019-05-15 09:29:05,590 INFO (TestMapApplication.java:19)- =========================
2019-05-15 09:29:05,590 ERROR (TestMapApplication.java:21)- 日志测试 log error
2019-05-15 09:29:26,469 DEBUG (BaseJdbcLogger.java:159)- ==>  Preparing: SELECT maa,sadf,wrsa,sfds FROM xxx -- WHERE 别直接写where WHERE maa LIKE CONCAT(CONCAT('%', ?,'%')) limit 2,3 
2019-05-15 09:29:26,485 DEBUG (BaseJdbcLogger.java:159)- ==> Parameters: 12(String)
2019-05-15 09:29:26,527 DEBUG (BaseJdbcLogger.java:159)- <==      Total: 3
2019-05-15 09:29:32,542 DEBUG (BaseJdbcLogger.java:159)- ==>  Preparing: SELECT maa,sadf,wrsa,sfds FROM xxx -- WHERE 别直接写where WHERE maa LIKE CONCAT(CONCAT('%', ?,'%')) limit 2,3 
2019-05-15 09:29:32,542 DEBUG (BaseJdbcLogger.java:159)- ==> Parameters: 12(String)
2019-05-15 09:29:32,544 DEBUG (BaseJdbcLogger.java:159)- <==      Total: 3
2019-05-15 09:30:09,381 DEBUG (BaseJdbcLogger.java:159)- ==>  Preparing: SELECT maa,sadf,wrsa,sfds FROM xxx -- WHERE 别直接写where WHERE maa LIKE CONCAT(CONCAT('%', ?,'%')) limit 2,3 
2019-05-15 09:30:09,382 DEBUG (BaseJdbcLogger.java:159)- ==> Parameters: 12(String)
2019-05-15 09:30:09,385 DEBUG (BaseJdbcLogger.java:159)- <==      Total: 3
2019-05-15 09:38:48,388 INFO (StartupInfoLogger.java:50)- Starting TestMapApplication on PC201903011456 with PID 8236 (D:\develop\workSpaces\idea_project\test-map\target\classes started by Administrator in D:\develop\workSpaces\idea_project\test-map)
2019-05-15 09:38:48,395 INFO (SpringApplication.java:652)- No active profile set, falling back to default profiles: default
2019-05-15 09:38:53,189 INFO (StartupInfoLogger.java:59)- Started TestMapApplication in 5.455 seconds (JVM running for 6.311)
2019-05-15 09:38:53,193 INFO (TestMapApplication.java:19)- =========================
2019-05-15 09:38:53,193 ERROR (TestMapApplication.java:21)- 日志测试 log error
2019-05-15 09:38:57,984 DEBUG (BaseJdbcLogger.java:159)- ==>  Preparing: SELECT maa,sadf,wrsa,sfds FROM xxx WHERE maa LIKE CONCAT(?,'%') 
2019-05-15 09:38:58,004 DEBUG (BaseJdbcLogger.java:159)- ==> Parameters: 12(String)
2019-05-15 09:38:58,044 DEBUG (BaseJdbcLogger.java:159)- <==      Total: 7
2019-05-15 09:57:15,538 INFO (StartupInfoLogger.java:50)- Starting TestMapApplication on PC201903011456 with PID 8808 (D:\develop\workSpaces\idea_project\test-map\target\classes started by Administrator in D:\develop\workSpaces\idea_project\test-map)
2019-05-15 09:57:15,603 INFO (SpringApplication.java:652)- No active profile set, falling back to default profiles: default
2019-05-15 09:57:20,226 INFO (StartupInfoLogger.java:59)- Started TestMapApplication in 5.552 seconds (JVM running for 6.411)
2019-05-15 09:57:20,228 INFO (TestMapApplication.java:19)- =========================
2019-05-15 09:57:20,229 ERROR (TestMapApplication.java:21)- 日志测试 log error
2019-05-15 09:58:32,719 DEBUG (BaseJdbcLogger.java:159)- ==>  Preparing: SELECT maa,sadf,wrsa,sfds FROM xxx -- WHERE 别直接写where WHERE maa LIKE CONCAT(CONCAT('%', ?,'%')) limit 2,3 
2019-05-15 09:58:32,737 DEBUG (BaseJdbcLogger.java:159)- ==> Parameters: 12(String)
2019-05-15 09:58:32,751 DEBUG (BaseJdbcLogger.java:159)- <==      Total: 3
2019-05-15 09:59:18,879 INFO (StartupInfoLogger.java:50)- Starting TestMapApplication on PC201903011456 with PID 10232 (D:\develop\workSpaces\idea_project\test-map\target\classes started by Administrator in D:\develop\workSpaces\idea_project\test-map)
2019-05-15 09:59:18,889 INFO (SpringApplication.java:652)- No active profile set, falling back to default profiles: default
2019-05-15 09:59:23,123 INFO (StartupInfoLogger.java:59)- Started TestMapApplication in 5.097 seconds (JVM running for 5.739)
2019-05-15 09:59:23,127 INFO (TestMapApplication.java:19)- =========================
2019-05-15 09:59:23,127 ERROR (TestMapApplication.java:21)- 日志测试 log error
2019-05-15 10:00:35,274 INFO (StartupInfoLogger.java:50)- Starting TestMapApplication on PC201903011456 with PID 8376 (D:\develop\workSpaces\idea_project\test-map\target\classes started by Administrator in D:\develop\workSpaces\idea_project\test-map)
2019-05-15 10:00:35,278 INFO (SpringApplication.java:652)- No active profile set, falling back to default profiles: default
2019-05-15 10:00:39,020 INFO (StartupInfoLogger.java:59)- Started TestMapApplication in 4.418 seconds (JVM running for 5.147)
2019-05-15 10:00:39,027 INFO (TestMapApplication.java:19)- =========================
2019-05-15 10:00:39,028 ERROR (TestMapApplication.java:21)- 日志测试 log error
2019-05-15 10:02:05,008 INFO (StartupInfoLogger.java:50)- Starting TestMapApplication on PC201903011456 with PID 8956 (D:\develop\workSpaces\idea_project\test-map\target\classes started by Administrator in D:\develop\workSpaces\idea_project\test-map)
2019-05-15 10:02:05,014 INFO (SpringApplication.java:652)- No active profile set, falling back to default profiles: default
2019-05-15 10:02:08,393 INFO (StartupInfoLogger.java:59)- Started TestMapApplication in 4.137 seconds (JVM running for 4.86)
2019-05-15 10:02:08,396 INFO (TestMapApplication.java:19)- =========================
2019-05-15 10:02:08,396 ERROR (TestMapApplication.java:21)- 日志测试 log error
2019-05-15 10:02:10,238 DEBUG (BaseJdbcLogger.java:159)- ==>  Preparing: SELECT maa,sadf,wrsa,sfds FROM xxx -- WHERE 别直接写where WHERE maa LIKE CONCAT(CONCAT('%', ?,'%')) limit 2,3 
2019-05-15 10:02:10,260 DEBUG (BaseJdbcLogger.java:159)- ==> Parameters: 12(String)
2019-05-15 10:02:10,272 DEBUG (BaseJdbcLogger.java:159)- <==      Total: 3
2019-05-15 10:02:12,448 DEBUG (BaseJdbcLogger.java:159)- ==>  Preparing: SELECT maa,sadf,wrsa,sfds FROM xxx -- WHERE 别直接写where WHERE maa LIKE CONCAT(CONCAT('%', ?,'%')) limit 2,3 
2019-05-15 10:02:12,448 DEBUG (BaseJdbcLogger.java:159)- ==> Parameters: 12(String)
2019-05-15 10:02:12,451 DEBUG (BaseJdbcLogger.java:159)- <==      Total: 3
2019-05-15 10:02:15,537 DEBUG (BaseJdbcLogger.java:159)- ==>  Preparing: SELECT maa,sadf,wrsa,sfds FROM xxx WHERE maa LIKE CONCAT(?,'%') 
2019-05-15 10:02:15,539 DEBUG (BaseJdbcLogger.java:159)- ==> Parameters: 12(String)
2019-05-15 10:02:15,544 DEBUG (BaseJdbcLogger.java:159)- <==      Total: 7
2019-05-15 10:03:24,229 INFO (StartupInfoLogger.java:50)- Starting TestMapApplication on PC201903011456 with PID 956 (D:\develop\workSpaces\idea_project\test-map\target\classes started by Administrator in D:\develop\workSpaces\idea_project\test-map)
2019-05-15 10:03:24,235 INFO (SpringApplication.java:652)- No active profile set, falling back to default profiles: default
2019-05-15 10:03:27,723 INFO (StartupInfoLogger.java:59)- Started TestMapApplication in 4.073 seconds (JVM running for 4.772)
2019-05-15 10:03:27,726 INFO (TestMapApplication.java:19)- =========================
2019-05-15 10:03:27,726 ERROR (TestMapApplication.java:21)- 日志测试 log error
2019-05-15 10:03:31,859 DEBUG (BaseJdbcLogger.java:159)- ==>  Preparing: SELECT maa,sadf,wrsa,sfds FROM xxx -- WHERE 别直接写where WHERE maa LIKE CONCAT(CONCAT('%', ?,'%')) limit 2,3 
2019-05-15 10:03:31,877 DEBUG (BaseJdbcLogger.java:159)- ==> Parameters: 12(String)
2019-05-15 10:03:31,890 DEBUG (BaseJdbcLogger.java:159)- <==      Total: 3
2019-05-15 10:04:48,714 INFO (StartupInfoLogger.java:50)- Starting TestMapApplication on PC201903011456 with PID 8088 (D:\develop\workSpaces\idea_project\test-map\target\classes started by Administrator in D:\develop\workSpaces\idea_project\test-map)
2019-05-15 10:04:48,721 INFO (SpringApplication.java:652)- No active profile set, falling back to default profiles: default
2019-05-15 10:04:51,711 INFO (StartupInfoLogger.java:59)- Started TestMapApplication in 4.247 seconds (JVM running for 4.958)
2019-05-15 10:04:51,715 INFO (TestMapApplication.java:19)- =========================
2019-05-15 10:04:51,715 ERROR (TestMapApplication.java:21)- 日志测试 log error
2019-05-15 10:04:53,221 DEBUG (BaseJdbcLogger.java:159)- ==>  Preparing: SELECT maa,sadf,wrsa,sfds FROM xxx -- WHERE 别直接写where WHERE maa LIKE CONCAT(CONCAT('%', ?,'%')) limit 2,3 
2019-05-15 10:04:53,239 DEBUG (BaseJdbcLogger.java:159)- ==> Parameters: 12(String)
2019-05-15 10:04:53,253 DEBUG (BaseJdbcLogger.java:159)- <==      Total: 3
2019-05-15 10:05:58,473 INFO (StartupInfoLogger.java:50)- Starting TestMapApplication on PC201903011456 with PID 9340 (D:\develop\workSpaces\idea_project\test-map\target\classes started by Administrator in D:\develop\workSpaces\idea_project\test-map)
2019-05-15 10:05:58,479 INFO (SpringApplication.java:652)- No active profile set, falling back to default profiles: default
2019-05-15 10:06:02,528 INFO (StartupInfoLogger.java:59)- Started TestMapApplication in 4.637 seconds (JVM running for 5.389)
2019-05-15 10:06:02,531 INFO (TestMapApplication.java:19)- =========================
2019-05-15 10:06:02,532 ERROR (TestMapApplication.java:21)- 日志测试 log error
2019-05-15 10:06:04,667 DEBUG (BaseJdbcLogger.java:159)- ==>  Preparing: SELECT maa,sadf,wrsa,sfds FROM xxx -- WHERE 别直接写where WHERE maa LIKE CONCAT(CONCAT('%', ?,'%')) limit 2,3 
2019-05-15 10:06:04,685 DEBUG (BaseJdbcLogger.java:159)- ==> Parameters: 12(String)
2019-05-15 10:06:04,697 DEBUG (BaseJdbcLogger.java:159)- <==      Total: 3
2019-05-15 10:06:11,572 DEBUG (BaseJdbcLogger.java:159)- ==>  Preparing: SELECT maa,sadf,wrsa,sfds FROM xxx -- WHERE 别直接写where WHERE maa LIKE CONCAT(CONCAT('%', ?,'%')) limit 2,3 
2019-05-15 10:06:11,573 DEBUG (BaseJdbcLogger.java:159)- ==> Parameters: 12(String)
2019-05-15 10:06:11,576 DEBUG (BaseJdbcLogger.java:159)- <==      Total: 3
2019-05-15 10:06:14,780 DEBUG (BaseJdbcLogger.java:159)- ==>  Preparing: SELECT maa,sadf,wrsa,sfds FROM xxx -- WHERE 别直接写where WHERE maa LIKE CONCAT(CONCAT('%', ?,'%')) limit 2,3 
2019-05-15 10:06:14,782 DEBUG (BaseJdbcLogger.java:159)- ==> Parameters: 12(String)
2019-05-15 10:06:14,785 DEBUG (BaseJdbcLogger.java:159)- <==      Total: 3
2019-05-15 10:06:15,991 DEBUG (BaseJdbcLogger.java:159)- ==>  Preparing: SELECT maa,sadf,wrsa,sfds FROM xxx -- WHERE 别直接写where WHERE maa LIKE CONCAT(CONCAT('%', ?,'%')) limit 2,3 
2019-05-15 10:06:15,993 DEBUG (BaseJdbcLogger.java:159)- ==> Parameters: 12(String)
2019-05-15 10:06:16,000 DEBUG (BaseJdbcLogger.java:159)- <==      Total: 3
2019-05-15 10:06:16,932 DEBUG (BaseJdbcLogger.java:159)- ==>  Preparing: SELECT maa,sadf,wrsa,sfds FROM xxx -- WHERE 别直接写where WHERE maa LIKE CONCAT(CONCAT('%', ?,'%')) limit 2,3 
2019-05-15 10:06:16,933 DEBUG (BaseJdbcLogger.java:159)- ==> Parameters: 12(String)
2019-05-15 10:06:16,935 DEBUG (BaseJdbcLogger.java:159)- <==      Total: 3
2019-05-15 10:06:17,684 DEBUG (BaseJdbcLogger.java:159)- ==>  Preparing: SELECT maa,sadf,wrsa,sfds FROM xxx -- WHERE 别直接写where WHERE maa LIKE CONCAT(CONCAT('%', ?,'%')) limit 2,3 
2019-05-15 10:06:17,685 DEBUG (BaseJdbcLogger.java:159)- ==> Parameters: 12(String)
2019-05-15 10:06:17,687 DEBUG (BaseJdbcLogger.java:159)- <==      Total: 3
2019-05-15 10:06:18,351 DEBUG (BaseJdbcLogger.java:159)- ==>  Preparing: SELECT maa,sadf,wrsa,sfds FROM xxx -- WHERE 别直接写where WHERE maa LIKE CONCAT(CONCAT('%', ?,'%')) limit 2,3 
2019-05-15 10:06:18,352 DEBUG (BaseJdbcLogger.java:159)- ==> Parameters: 12(String)
2019-05-15 10:06:18,355 DEBUG (BaseJdbcLogger.java:159)- <==      Total: 3
2019-05-15 10:06:19,108 DEBUG (BaseJdbcLogger.java:159)- ==>  Preparing: SELECT maa,sadf,wrsa,sfds FROM xxx -- WHERE 别直接写where WHERE maa LIKE CONCAT(CONCAT('%', ?,'%')) limit 2,3 
2019-05-15 10:06:19,111 DEBUG (BaseJdbcLogger.java:159)- ==> Parameters: 12(String)
2019-05-15 10:06:19,115 DEBUG (BaseJdbcLogger.java:159)- <==      Total: 3
2019-05-15 10:06:24,590 DEBUG (BaseJdbcLogger.java:159)- ==>  Preparing: SELECT maa,sadf,wrsa,sfds FROM xxx -- WHERE 别直接写where WHERE maa LIKE CONCAT(CONCAT('%', ?,'%')) limit 2,3 
2019-05-15 10:06:24,591 DEBUG (BaseJdbcLogger.java:159)- ==> Parameters: 12(String)
2019-05-15 10:06:24,594 DEBUG (BaseJdbcLogger.java:159)- <==      Total: 3
2019-05-15 10:06:26,456 DEBUG (BaseJdbcLogger.java:159)- ==>  Preparing: SELECT maa,sadf,wrsa,sfds FROM xxx -- WHERE 别直接写where WHERE maa LIKE CONCAT(CONCAT('%', ?,'%')) limit 2,3 
2019-05-15 10:06:26,457 DEBUG (BaseJdbcLogger.java:159)- ==> Parameters: 12(String)
2019-05-15 10:06:26,461 DEBUG (BaseJdbcLogger.java:159)- <==      Total: 3
2019-05-15 10:06:27,570 DEBUG (BaseJdbcLogger.java:159)- ==>  Preparing: SELECT maa,sadf,wrsa,sfds FROM xxx -- WHERE 别直接写where WHERE maa LIKE CONCAT(CONCAT('%', ?,'%')) limit 2,3 
2019-05-15 10:06:27,572 DEBUG (BaseJdbcLogger.java:159)- ==> Parameters: 12(String)
2019-05-15 10:06:27,575 DEBUG (BaseJdbcLogger.java:159)- <==      Total: 3
2019-05-15 10:06:28,305 DEBUG (BaseJdbcLogger.java:159)- ==>  Preparing: SELECT maa,sadf,wrsa,sfds FROM xxx -- WHERE 别直接写where WHERE maa LIKE CONCAT(CONCAT('%', ?,'%')) limit 2,3 
2019-05-15 10:06:28,307 DEBUG (BaseJdbcLogger.java:159)- ==> Parameters: 12(String)
2019-05-15 10:06:28,309 DEBUG (BaseJdbcLogger.java:159)- <==      Total: 3
2019-05-15 10:06:29,025 DEBUG (BaseJdbcLogger.java:159)- ==>  Preparing: SELECT maa,sadf,wrsa,sfds FROM xxx -- WHERE 别直接写where WHERE maa LIKE CONCAT(CONCAT('%', ?,'%')) limit 2,3 
2019-05-15 10:06:29,026 DEBUG (BaseJdbcLogger.java:159)- ==> Parameters: 12(String)
2019-05-15 10:06:29,027 DEBUG (BaseJdbcLogger.java:159)- <==      Total: 3
2019-05-15 10:06:29,893 DEBUG (BaseJdbcLogger.java:159)- ==>  Preparing: SELECT maa,sadf,wrsa,sfds FROM xxx -- WHERE 别直接写where WHERE maa LIKE CONCAT(CONCAT('%', ?,'%')) limit 2,3 
2019-05-15 10:06:29,894 DEBUG (BaseJdbcLogger.java:159)- ==> Parameters: 12(String)
2019-05-15 10:06:29,898 DEBUG (BaseJdbcLogger.java:159)- <==      Total: 3
2019-05-15 10:06:30,684 DEBUG (BaseJdbcLogger.java:159)- ==>  Preparing: SELECT maa,sadf,wrsa,sfds FROM xxx -- WHERE 别直接写where WHERE maa LIKE CONCAT(CONCAT('%', ?,'%')) limit 2,3 
2019-05-15 10:06:30,685 DEBUG (BaseJdbcLogger.java:159)- ==> Parameters: 12(String)
2019-05-15 10:06:30,687 DEBUG (BaseJdbcLogger.java:159)- <==      Total: 3
2019-05-15 10:06:31,398 DEBUG (BaseJdbcLogger.java:159)- ==>  Preparing: SELECT maa,sadf,wrsa,sfds FROM xxx -- WHERE 别直接写where WHERE maa LIKE CONCAT(CONCAT('%', ?,'%')) limit 2,3 
2019-05-15 10:06:31,400 DEBUG (BaseJdbcLogger.java:159)- ==> Parameters: 12(String)
2019-05-15 10:06:31,404 DEBUG (BaseJdbcLogger.java:159)- <==      Total: 3
2019-05-15 10:06:44,797 INFO (StartupInfoLogger.java:50)- Starting TestMapApplication on PC201903011456 with PID 8240 (D:\develop\workSpaces\idea_project\test-map\target\classes started by Administrator in D:\develop\workSpaces\idea_project\test-map)
2019-05-15 10:06:44,799 INFO (SpringApplication.java:652)- No active profile set, falling back to default profiles: default
2019-05-15 10:06:48,862 INFO (StartupInfoLogger.java:59)- Started TestMapApplication in 4.849 seconds (JVM running for 5.65)
2019-05-15 10:06:48,864 INFO (TestMapApplication.java:19)- =========================
2019-05-15 10:06:48,864 ERROR (TestMapApplication.java:21)- 日志测试 log error
2019-05-15 10:06:56,596 DEBUG (BaseJdbcLogger.java:159)- ==>  Preparing: SELECT maa,sadf,wrsa,sfds FROM xxx -- WHERE 别直接写where WHERE maa LIKE CONCAT(CONCAT('%', ?,'%')) limit 2,3 
2019-05-15 10:06:56,615 DEBUG (BaseJdbcLogger.java:159)- ==> Parameters: 12(String)
2019-05-15 10:06:56,628 DEBUG (BaseJdbcLogger.java:159)- <==      Total: 3
2019-05-15 10:07:01,756 DEBUG (BaseJdbcLogger.java:159)- ==>  Preparing: SELECT maa,sadf,wrsa,sfds FROM xxx -- WHERE 别直接写where WHERE maa LIKE CONCAT(CONCAT('%', ?,'%')) limit 2,3 
2019-05-15 10:07:01,757 DEBUG (BaseJdbcLogger.java:159)- ==> Parameters: 12(String)
2019-05-15 10:07:01,761 DEBUG (BaseJdbcLogger.java:159)- <==      Total: 3
2019-05-15 10:07:09,682 INFO (StartupInfoLogger.java:50)- Starting TestMapApplication on PC201903011456 with PID 7376 (D:\develop\workSpaces\idea_project\test-map\target\classes started by Administrator in D:\develop\workSpaces\idea_project\test-map)
2019-05-15 10:07:09,688 INFO (SpringApplication.java:652)- No active profile set, falling back to default profiles: default
2019-05-15 10:07:13,509 INFO (StartupInfoLogger.java:59)- Started TestMapApplication in 4.779 seconds (JVM running for 5.669)
2019-05-15 10:07:13,511 INFO (TestMapApplication.java:19)- =========================
2019-05-15 10:07:13,512 ERROR (TestMapApplication.java:21)- 日志测试 log error
2019-05-15 10:07:15,381 DEBUG (BaseJdbcLogger.java:159)- ==>  Preparing: SELECT maa,sadf,wrsa,sfds FROM xxx -- WHERE 别直接写where WHERE maa LIKE CONCAT(CONCAT('%', ?,'%')) limit 2,3 
2019-05-15 10:07:15,406 DEBUG (BaseJdbcLogger.java:159)- ==> Parameters: 12(String)
2019-05-15 10:07:15,421 DEBUG (BaseJdbcLogger.java:159)- <==      Total: 3
2019-05-15 10:07:58,486 INFO (StartupInfoLogger.java:50)- Starting TestMapApplication on PC201903011456 with PID 4808 (D:\develop\workSpaces\idea_project\test-map\target\classes started by Administrator in D:\develop\workSpaces\idea_project\test-map)
2019-05-15 10:07:58,491 INFO (SpringApplication.java:652)- No active profile set, falling back to default profiles: default
2019-05-15 10:08:01,972 INFO (StartupInfoLogger.java:59)- Started TestMapApplication in 4.023 seconds (JVM running for 4.65)
2019-05-15 10:08:01,975 INFO (TestMapApplication.java:19)- =========================
2019-05-15 10:08:01,975 ERROR (TestMapApplication.java:21)- 日志测试 log error
2019-05-15 10:08:03,922 DEBUG (BaseJdbcLogger.java:159)- ==>  Preparing: SELECT maa,sadf,wrsa,sfds FROM xxx -- WHERE 别直接写where WHERE maa LIKE CONCAT(CONCAT('%', ?,'%')) limit 2,3 
2019-05-15 10:08:03,939 DEBUG (BaseJdbcLogger.java:159)- ==> Parameters: 12(String)
2019-05-15 10:08:03,952 DEBUG (BaseJdbcLogger.java:159)- <==      Total: 3
2019-05-15 10:08:11,275 DEBUG (BaseJdbcLogger.java:159)- ==>  Preparing: SELECT maa,sadf,wrsa,sfds FROM xxx -- WHERE 别直接写where WHERE maa LIKE CONCAT(CONCAT('%', ?,'%')) limit 2,3 
2019-05-15 10:08:11,277 DEBUG (BaseJdbcLogger.java:159)- ==> Parameters: 12(String)
2019-05-15 10:08:11,280 DEBUG (BaseJdbcLogger.java:159)- <==      Total: 3
2019-05-15 10:08:18,633 INFO (StartupInfoLogger.java:50)- Starting TestMapApplication on PC201903011456 with PID 2212 (D:\develop\workSpaces\idea_project\test-map\target\classes started by Administrator in D:\develop\workSpaces\idea_project\test-map)
2019-05-15 10:08:18,640 INFO (SpringApplication.java:652)- No active profile set, falling back to default profiles: default
2019-05-15 10:08:22,477 INFO (StartupInfoLogger.java:59)- Started TestMapApplication in 5.02 seconds (JVM running for 6.193)
2019-05-15 10:08:22,480 INFO (TestMapApplication.java:19)- =========================
2019-05-15 10:08:22,480 ERROR (TestMapApplication.java:21)- 日志测试 log error
2019-05-15 10:08:24,045 DEBUG (BaseJdbcLogger.java:159)- ==>  Preparing: SELECT maa,sadf,wrsa,sfds FROM xxx -- WHERE 别直接写where WHERE maa LIKE CONCAT(CONCAT('%', ?,'%')) limit 2,3 
2019-05-15 10:08:24,065 DEBUG (BaseJdbcLogger.java:159)- ==> Parameters: 12(String)
2019-05-15 10:08:24,077 DEBUG (BaseJdbcLogger.java:159)- <==      Total: 3
2019-05-15 10:11:27,843 INFO (StartupInfoLogger.java:50)- Starting TestMapApplication on PC201903011456 with PID 9432 (D:\develop\workSpaces\idea_project\test-map\target\classes started by Administrator in D:\develop\workSpaces\idea_project\test-map)
2019-05-15 10:11:27,848 INFO (SpringApplication.java:652)- No active profile set, falling back to default profiles: default
2019-05-15 10:11:31,778 INFO (StartupInfoLogger.java:59)- Started TestMapApplication in 4.747 seconds (JVM running for 5.616)
2019-05-15 10:11:31,787 INFO (TestMapApplication.java:19)- =========================
2019-05-15 10:11:31,788 ERROR (TestMapApplication.java:21)- 日志测试 log error
2019-05-15 10:11:37,150 DEBUG (BaseJdbcLogger.java:159)- ==>  Preparing: SELECT maa,sadf,wrsa,sfds FROM xxx -- WHERE 别直接写where WHERE maa LIKE CONCAT(CONCAT('%', ?,'%')) limit 2,3 
2019-05-15 10:11:37,166 DEBUG (BaseJdbcLogger.java:159)- ==> Parameters: 12(String)
2019-05-15 10:11:37,179 DEBUG (BaseJdbcLogger.java:159)- <==      Total: 3
2019-05-15 10:11:37,180 DEBUG (BaseJdbcLogger.java:159)- ==>  Preparing: SELECT maa,sadf,wrsa,sfds FROM xxx -- WHERE 别直接写where WHERE maa LIKE CONCAT(CONCAT('%', ?,'%')) limit 2,3 
2019-05-15 10:11:37,181 DEBUG (BaseJdbcLogger.java:159)- ==> Parameters: 12(String)
2019-05-15 10:11:37,184 DEBUG (BaseJdbcLogger.java:159)- <==      Total: 3
2019-05-15 10:11:37,185 DEBUG (BaseJdbcLogger.java:159)- ==>  Preparing: SELECT maa,sadf,wrsa,sfds FROM xxx -- WHERE 别直接写where WHERE maa LIKE CONCAT(CONCAT('%', ?,'%')) limit 2,3 
2019-05-15 10:11:37,185 DEBUG (BaseJdbcLogger.java:159)- ==> Parameters: 12(String)
2019-05-15 10:11:37,187 DEBUG (BaseJdbcLogger.java:159)- <==      Total: 3
2019-05-15 10:11:37,188 DEBUG (BaseJdbcLogger.java:159)- ==>  Preparing: SELECT maa,sadf,wrsa,sfds FROM xxx -- WHERE 别直接写where WHERE maa LIKE CONCAT(CONCAT('%', ?,'%')) limit 2,3 
2019-05-15 10:11:37,189 DEBUG (BaseJdbcLogger.java:159)- ==> Parameters: 12(String)
2019-05-15 10:11:37,192 DEBUG (BaseJdbcLogger.java:159)- <==      Total: 3
2019-05-15 10:11:37,193 DEBUG (BaseJdbcLogger.java:159)- ==>  Preparing: SELECT maa,sadf,wrsa,sfds FROM xxx -- WHERE 别直接写where WHERE maa LIKE CONCAT(CONCAT('%', ?,'%')) limit 2,3 
2019-05-15 10:11:37,193 DEBUG (BaseJdbcLogger.java:159)- ==> Parameters: 12(String)
2019-05-15 10:11:37,195 DEBUG (BaseJdbcLogger.java:159)- <==      Total: 3
2019-05-15 10:11:43,632 INFO (StartupInfoLogger.java:50)- Starting TestMapApplication on PC201903011456 with PID 8336 (D:\develop\workSpaces\idea_project\test-map\target\classes started by Administrator in D:\develop\workSpaces\idea_project\test-map)
2019-05-15 10:11:43,636 INFO (SpringApplication.java:652)- No active profile set, falling back to default profiles: default
2019-05-15 10:11:47,090 INFO (StartupInfoLogger.java:59)- Started TestMapApplication in 4.315 seconds (JVM running for 5.193)
2019-05-15 10:11:47,093 INFO (TestMapApplication.java:19)- =========================
2019-05-15 10:11:47,093 ERROR (TestMapApplication.java:21)- 日志测试 log error
2019-05-15 10:11:48,576 DEBUG (BaseJdbcLogger.java:159)- ==>  Preparing: SELECT maa,sadf,wrsa,sfds FROM xxx -- WHERE 别直接写where WHERE maa LIKE CONCAT(CONCAT('%', ?,'%')) limit 2,3 
2019-05-15 10:11:48,596 DEBUG (BaseJdbcLogger.java:159)- ==> Parameters: 12(String)
2019-05-15 10:11:48,609 DEBUG (BaseJdbcLogger.java:159)- <==      Total: 3
2019-05-15 10:11:48,611 DEBUG (BaseJdbcLogger.java:159)- ==>  Preparing: SELECT maa,sadf,wrsa,sfds FROM xxx -- WHERE 别直接写where WHERE maa LIKE CONCAT(CONCAT('%', ?,'%')) limit 2,3 
2019-05-15 10:11:48,612 DEBUG (BaseJdbcLogger.java:159)- ==> Parameters: 12(String)
2019-05-15 10:11:48,614 DEBUG (BaseJdbcLogger.java:159)- <==      Total: 3
2019-05-15 10:11:48,615 DEBUG (BaseJdbcLogger.java:159)- ==>  Preparing: SELECT maa,sadf,wrsa,sfds FROM xxx -- WHERE 别直接写where WHERE maa LIKE CONCAT(CONCAT('%', ?,'%')) limit 2,3 
2019-05-15 10:11:48,615 DEBUG (BaseJdbcLogger.java:159)- ==> Parameters: 12(String)
2019-05-15 10:11:48,617 DEBUG (BaseJdbcLogger.java:159)- <==      Total: 3
2019-05-15 10:11:48,618 DEBUG (BaseJdbcLogger.java:159)- ==>  Preparing: SELECT maa,sadf,wrsa,sfds FROM xxx -- WHERE 别直接写where WHERE maa LIKE CONCAT(CONCAT('%', ?,'%')) limit 2,3 
2019-05-15 10:11:48,619 DEBUG (BaseJdbcLogger.java:159)- ==> Parameters: 12(String)
2019-05-15 10:11:48,621 DEBUG (BaseJdbcLogger.java:159)- <==      Total: 3
2019-05-15 10:11:48,622 DEBUG (BaseJdbcLogger.java:159)- ==>  Preparing: SELECT maa,sadf,wrsa,sfds FROM xxx -- WHERE 别直接写where WHERE maa LIKE CONCAT(CONCAT('%', ?,'%')) limit 2,3 
2019-05-15 10:11:48,622 DEBUG (BaseJdbcLogger.java:159)- ==> Parameters: 12(String)
2019-05-15 10:11:48,624 DEBUG (BaseJdbcLogger.java:159)- <==      Total: 3
2019-05-15 10:11:52,138 DEBUG (BaseJdbcLogger.java:159)- ==>  Preparing: SELECT maa,sadf,wrsa,sfds FROM xxx -- WHERE 别直接写where WHERE maa LIKE CONCAT(CONCAT('%', ?,'%')) limit 2,3 
2019-05-15 10:11:52,139 DEBUG (BaseJdbcLogger.java:159)- ==> Parameters: 12(String)
2019-05-15 10:11:52,141 DEBUG (BaseJdbcLogger.java:159)- <==      Total: 3
2019-05-15 10:11:52,142 DEBUG (BaseJdbcLogger.java:159)- ==>  Preparing: SELECT maa,sadf,wrsa,sfds FROM xxx -- WHERE 别直接写where WHERE maa LIKE CONCAT(CONCAT('%', ?,'%')) limit 2,3 
2019-05-15 10:11:52,143 DEBUG (BaseJdbcLogger.java:159)- ==> Parameters: 12(String)
2019-05-15 10:11:52,146 DEBUG (BaseJdbcLogger.java:159)- <==      Total: 3
2019-05-15 10:11:52,147 DEBUG (BaseJdbcLogger.java:159)- ==>  Preparing: SELECT maa,sadf,wrsa,sfds FROM xxx -- WHERE 别直接写where WHERE maa LIKE CONCAT(CONCAT('%', ?,'%')) limit 2,3 
2019-05-15 10:11:52,149 DEBUG (BaseJdbcLogger.java:159)- ==> Parameters: 12(String)
2019-05-15 10:11:52,152 DEBUG (BaseJdbcLogger.java:159)- <==      Total: 3
2019-05-15 10:11:52,153 DEBUG (BaseJdbcLogger.java:159)- ==>  Preparing: SELECT maa,sadf,wrsa,sfds FROM xxx -- WHERE 别直接写where WHERE maa LIKE CONCAT(CONCAT('%', ?,'%')) limit 2,3 
2019-05-15 10:11:52,154 DEBUG (BaseJdbcLogger.java:159)- ==> Parameters: 12(String)
2019-05-15 10:11:52,157 DEBUG (BaseJdbcLogger.java:159)- <==      Total: 3
2019-05-15 10:11:52,158 DEBUG (BaseJdbcLogger.java:159)- ==>  Preparing: SELECT maa,sadf,wrsa,sfds FROM xxx -- WHERE 别直接写where WHERE maa LIKE CONCAT(CONCAT('%', ?,'%')) limit 2,3 
2019-05-15 10:11:52,159 DEBUG (BaseJdbcLogger.java:159)- ==> Parameters: 12(String)
2019-05-15 10:11:52,161 DEBUG (BaseJdbcLogger.java:159)- <==      Total: 3
2019-05-15 11:08:51,905 INFO (StartupInfoLogger.java:50)- Starting TestMapApplication on PC201903011456 with PID 8272 (D:\develop\workSpaces\idea_project\test-map\target\classes started by Administrator in D:\develop\workSpaces\idea_project\test-map)
2019-05-15 11:08:51,912 INFO (SpringApplication.java:652)- No active profile set, falling back to default profiles: default
2019-05-15 11:08:56,047 INFO (StartupInfoLogger.java:59)- Started TestMapApplication in 4.819 seconds (JVM running for 5.455)
2019-05-15 11:08:56,050 INFO (TestMapApplication.java:19)- =========================
2019-05-15 11:08:56,050 ERROR (TestMapApplication.java:21)- 日志测试 log error
2019-05-15 11:09:04,515 DEBUG (BaseJdbcLogger.java:159)- ==>  Preparing: SELECT maa,sadf,wrsa,sfds FROM xxx -- WHERE 别直接写where WHERE maa LIKE CONCAT(CONCAT('%', ?,'%')) limit 2,3 
2019-05-15 11:09:04,534 DEBUG (BaseJdbcLogger.java:159)- ==> Parameters: 125(String)
2019-05-15 11:09:04,546 DEBUG (BaseJdbcLogger.java:159)- <==      Total: 0
2019-05-15 11:09:10,607 DEBUG (BaseJdbcLogger.java:159)- ==>  Preparing: SELECT maa,sadf,wrsa,sfds FROM xxx -- WHERE 别直接写where WHERE maa LIKE CONCAT(CONCAT('%', ?,'%')) limit 2,3 
2019-05-15 11:09:10,608 DEBUG (BaseJdbcLogger.java:159)- ==> Parameters: 12(String)
2019-05-15 11:09:10,613 DEBUG (BaseJdbcLogger.java:159)- <==      Total: 3
2019-05-15 11:09:38,808 DEBUG (BaseJdbcLogger.java:159)- ==>  Preparing: SELECT maa,sadf,wrsa,sfds FROM xxx -- WHERE 别直接写where WHERE maa LIKE CONCAT(CONCAT('%', ?,'%')) limit 2,3 
2019-05-15 11:09:38,809 DEBUG (BaseJdbcLogger.java:159)- ==> Parameters: 2(String)
2019-05-15 11:09:38,812 DEBUG (BaseJdbcLogger.java:159)- <==      Total: 3
2019-05-15 11:09:42,019 DEBUG (BaseJdbcLogger.java:159)- ==>  Preparing: SELECT maa,sadf,wrsa,sfds FROM xxx -- WHERE 别直接写where WHERE maa LIKE CONCAT(CONCAT('%', ?,'%')) limit 2,3 
2019-05-15 11:09:42,021 DEBUG (BaseJdbcLogger.java:159)- ==> Parameters: 1(String)
2019-05-15 11:09:42,025 DEBUG (BaseJdbcLogger.java:159)- <==      Total: 3
2019-05-15 11:09:45,356 DEBUG (BaseJdbcLogger.java:159)- ==>  Preparing: SELECT maa,sadf,wrsa,sfds FROM xxx -- WHERE 别直接写where WHERE maa LIKE CONCAT(CONCAT('%', ?,'%')) limit 2,3 
2019-05-15 11:09:45,357 DEBUG (BaseJdbcLogger.java:159)- ==> Parameters: 5(String)
2019-05-15 11:09:45,358 DEBUG (BaseJdbcLogger.java:159)- <==      Total: 0
2019-05-15 11:10:02,248 DEBUG (BaseJdbcLogger.java:159)- ==>  Preparing: SELECT maa,sadf,wrsa,sfds FROM xxx -- WHERE 别直接写where WHERE maa LIKE CONCAT(CONCAT('%', ?,'%')) limit 2,3 
2019-05-15 11:10:02,250 DEBUG (BaseJdbcLogger.java:159)- ==> Parameters: 1(String)
2019-05-15 11:10:02,252 DEBUG (BaseJdbcLogger.java:159)- <==      Total: 3
2019-05-15 11:10:08,994 DEBUG (BaseJdbcLogger.java:159)- ==>  Preparing: SELECT maa,sadf,wrsa,sfds FROM xxx -- WHERE 别直接写where WHERE maa LIKE CONCAT(CONCAT('%', ?,'%')) limit 2,3 
2019-05-15 11:10:08,995 DEBUG (BaseJdbcLogger.java:159)- ==> Parameters: 7(String)
2019-05-15 11:10:08,997 DEBUG (BaseJdbcLogger.java:159)- <==      Total: 0
2019-05-15 13:39:21,791 INFO (StartupInfoLogger.java:50)- Starting TestMapApplication on PC201903011456 with PID 6512 (D:\develop\workSpaces\idea_project\test-map\target\classes started by Administrator in D:\develop\workSpaces\idea_project\test-map)
2019-05-15 13:39:21,842 INFO (SpringApplication.java:652)- No active profile set, falling back to default profiles: default
2019-05-15 13:39:28,526 INFO (StartupInfoLogger.java:59)- Started TestMapApplication in 10.378 seconds (JVM running for 11.801)
2019-05-15 13:39:28,530 INFO (TestMapApplication.java:19)- =========================
2019-05-15 13:39:28,531 ERROR (TestMapApplication.java:21)- 日志测试 log error
2019-05-15 13:40:11,902 INFO (StartupInfoLogger.java:50)- Starting TestMapApplication on PC201903011456 with PID 11212 (D:\develop\workSpaces\idea_project\test-map\target\classes started by Administrator in D:\develop\workSpaces\idea_project\test-map)
2019-05-15 13:40:11,906 INFO (SpringApplication.java:652)- No active profile set, falling back to default profiles: default
2019-05-15 13:40:16,239 INFO (StartupInfoLogger.java:59)- Started TestMapApplication in 5.045 seconds (JVM running for 5.883)
2019-05-15 13:40:16,242 INFO (TestMapApplication.java:19)- =========================
2019-05-15 13:40:16,242 ERROR (TestMapApplication.java:21)- 日志测试 log error
2019-05-15 13:40:21,566 DEBUG (BaseJdbcLogger.java:159)- ==>  Preparing: SELECT maa,sadf,wrsa,sfds FROM xxx -- WHERE 别直接写where WHERE maa LIKE CONCAT(CONCAT('%', ?,'%')) limit 2,3 
2019-05-15 13:40:21,586 DEBUG (BaseJdbcLogger.java:159)- ==> Parameters: 12(String)
2019-05-15 13:40:21,602 DEBUG (BaseJdbcLogger.java:159)- <==      Total: 3
2019-05-15 13:40:48,950 INFO (StartupInfoLogger.java:50)- Starting TestMapApplication on PC201903011456 with PID 6464 (D:\develop\workSpaces\idea_project\test-map\target\classes started by Administrator in D:\develop\workSpaces\idea_project\test-map)
2019-05-15 13:40:48,956 INFO (SpringApplication.java:652)- No active profile set, falling back to default profiles: default
2019-05-15 13:40:53,019 INFO (StartupInfoLogger.java:59)- Started TestMapApplication in 4.848 seconds (JVM running for 5.71)
2019-05-15 13:40:53,022 INFO (TestMapApplication.java:19)- =========================
2019-05-15 13:40:53,022 ERROR (TestMapApplication.java:21)- 日志测试 log error
2019-05-15 13:41:16,992 INFO (StartupInfoLogger.java:50)- Starting TestMapApplication on PC201903011456 with PID 12552 (D:\develop\workSpaces\idea_project\test-map\target\classes started by Administrator in D:\develop\workSpaces\idea_project\test-map)
2019-05-15 13:41:16,999 INFO (SpringApplication.java:652)- No active profile set, falling back to default profiles: default
2019-05-15 13:41:21,017 INFO (StartupInfoLogger.java:59)- Started TestMapApplication in 4.806 seconds (JVM running for 5.683)
2019-05-15 13:41:21,020 INFO (TestMapApplication.java:19)- =========================
2019-05-15 13:41:21,020 ERROR (TestMapApplication.java:21)- 日志测试 log error
2019-05-15 13:42:24,482 INFO (StartupInfoLogger.java:50)- Starting TestMapApplication on PC201903011456 with PID 12156 (D:\develop\workSpaces\idea_project\test-map\target\classes started by Administrator in D:\develop\workSpaces\idea_project\test-map)
2019-05-15 13:42:24,501 INFO (SpringApplication.java:652)- No active profile set, falling back to default profiles: default
2019-05-15 13:42:29,616 INFO (StartupInfoLogger.java:59)- Started TestMapApplication in 6.156 seconds (JVM running for 7.032)
2019-05-15 13:42:29,622 INFO (TestMapApplication.java:19)- =========================
2019-05-15 13:42:29,623 ERROR (TestMapApplication.java:21)- 日志测试 log error
2019-05-15 13:42:38,675 DEBUG (BaseJdbcLogger.java:159)- ==>  Preparing: SELECT maa,sadf,wrsa,sfds FROM xxx -- WHERE 别直接写where WHERE maa LIKE CONCAT(CONCAT('%', ?,'%')) limit 2,3 
2019-05-15 13:42:38,696 DEBUG (BaseJdbcLogger.java:159)- ==> Parameters: 12(String)
2019-05-15 13:42:38,714 DEBUG (BaseJdbcLogger.java:159)- <==      Total: 3
2019-05-15 13:43:00,368 INFO (StartupInfoLogger.java:50)- Starting TestMapApplication on PC201903011456 with PID 11656 (D:\develop\workSpaces\idea_project\test-map\target\classes started by Administrator in D:\develop\workSpaces\idea_project\test-map)
2019-05-15 13:43:00,377 INFO (SpringApplication.java:652)- No active profile set, falling back to default profiles: default
2019-05-15 13:43:05,168 INFO (StartupInfoLogger.java:59)- Started TestMapApplication in 5.55 seconds (JVM running for 6.279)
2019-05-15 13:43:05,172 INFO (TestMapApplication.java:19)- =========================
2019-05-15 13:43:05,172 ERROR (TestMapApplication.java:21)- 日志测试 log error
2019-05-15 13:43:07,040 DEBUG (BaseJdbcLogger.java:159)- ==>  Preparing: SELECT maa,sadf,wrsa,sfds FROM xxx -- WHERE 别直接写where WHERE maa LIKE CONCAT(CONCAT('%', ?,'%')) limit 2,3 
2019-05-15 13:43:07,063 DEBUG (BaseJdbcLogger.java:159)- ==> Parameters: 12(String)
2019-05-15 13:43:07,082 DEBUG (BaseJdbcLogger.java:159)- <==      Total: 3
2019-05-15 13:43:09,122 DEBUG (BaseJdbcLogger.java:159)- ==>  Preparing: SELECT maa,sadf,wrsa,sfds FROM xxx -- WHERE 别直接写where WHERE maa LIKE CONCAT(CONCAT('%', ?,'%')) limit 2,3 
2019-05-15 13:43:09,123 DEBUG (BaseJdbcLogger.java:159)- ==> Parameters: 12(String)
2019-05-15 13:43:09,126 DEBUG (BaseJdbcLogger.java:159)- <==      Total: 3
2019-05-15 13:43:23,448 INFO (StartupInfoLogger.java:50)- Starting TestMapApplication on PC201903011456 with PID 11716 (D:\develop\workSpaces\idea_project\test-map\target\classes started by Administrator in D:\develop\workSpaces\idea_project\test-map)
2019-05-15 13:43:23,454 INFO (SpringApplication.java:652)- No active profile set, falling back to default profiles: default
2019-05-15 13:43:27,524 INFO (StartupInfoLogger.java:59)- Started TestMapApplication in 4.771 seconds (JVM running for 5.517)
2019-05-15 13:43:27,527 INFO (TestMapApplication.java:19)- =========================
2019-05-15 13:43:27,528 ERROR (TestMapApplication.java:21)- 日志测试 log error
2019-05-15 13:43:43,612 INFO (StartupInfoLogger.java:50)- Starting TestMapApplication on PC201903011456 with PID 10252 (D:\develop\workSpaces\idea_project\test-map\target\classes started by Administrator in D:\develop\workSpaces\idea_project\test-map)
2019-05-15 13:43:43,618 INFO (SpringApplication.java:652)- No active profile set, falling back to default profiles: default
2019-05-15 13:43:47,933 INFO (StartupInfoLogger.java:59)- Started TestMapApplication in 4.983 seconds (JVM running for 5.736)
2019-05-15 13:43:47,936 INFO (TestMapApplication.java:19)- =========================
2019-05-15 13:43:47,936 ERROR (TestMapApplication.java:21)- 日志测试 log error
2019-05-15 13:43:49,735 DEBUG (BaseJdbcLogger.java:159)- ==>  Preparing: SELECT maa,sadf,wrsa,sfds FROM xxx -- WHERE 别直接写where WHERE maa LIKE CONCAT(CONCAT('%', ?,'%')) limit 2,3 
2019-05-15 13:43:49,754 DEBUG (BaseJdbcLogger.java:159)- ==> Parameters: 12(String)
2019-05-15 13:43:49,768 DEBUG (BaseJdbcLogger.java:159)- <==      Total: 3
2019-05-15 13:44:03,039 INFO (StartupInfoLogger.java:50)- Starting TestMapApplication on PC201903011456 with PID 13080 (D:\develop\workSpaces\idea_project\test-map\target\classes started by Administrator in D:\develop\workSpaces\idea_project\test-map)
2019-05-15 13:44:03,049 INFO (SpringApplication.java:652)- No active profile set, falling back to default profiles: default
2019-05-15 13:44:07,978 INFO (StartupInfoLogger.java:59)- Started TestMapApplication in 5.935 seconds (JVM running for 6.891)
2019-05-15 13:44:07,981 INFO (TestMapApplication.java:19)- =========================
2019-05-15 13:44:07,981 ERROR (TestMapApplication.java:21)- 日志测试 log error
2019-05-15 13:44:18,228 DEBUG (BaseJdbcLogger.java:159)- ==>  Preparing: SELECT maa,sadf,wrsa,sfds FROM xxx -- WHERE 别直接写where WHERE maa LIKE CONCAT(CONCAT('%', ?,'%')) limit 2,3 
2019-05-15 13:44:18,270 DEBUG (BaseJdbcLogger.java:159)- ==> Parameters: 12(String)
2019-05-15 13:44:18,288 DEBUG (BaseJdbcLogger.java:159)- <==      Total: 3
2019-05-15 13:45:46,381 INFO (StartupInfoLogger.java:50)- Starting TestMapApplication on PC201903011456 with PID 9956 (D:\develop\workSpaces\idea_project\test-map\target\classes started by Administrator in D:\develop\workSpaces\idea_project\test-map)
2019-05-15 13:45:46,386 INFO (SpringApplication.java:652)- No active profile set, falling back to default profiles: default
2019-05-15 13:45:50,650 INFO (StartupInfoLogger.java:59)- Started TestMapApplication in 5.01 seconds (JVM running for 5.862)
2019-05-15 13:45:50,654 INFO (TestMapApplication.java:19)- =========================
2019-05-15 13:45:50,654 ERROR (TestMapApplication.java:21)- 日志测试 log error
2019-05-15 13:46:02,489 DEBUG (BaseJdbcLogger.java:159)- ==>  Preparing: SELECT maa,sadf,wrsa,sfds FROM xxx -- WHERE 别直接写where WHERE maa LIKE CONCAT(CONCAT('%', ?,'%')) limit 2,3 
2019-05-15 13:46:02,508 DEBUG (BaseJdbcLogger.java:159)- ==> Parameters: 12(String)
2019-05-15 13:46:02,522 DEBUG (BaseJdbcLogger.java:159)- <==      Total: 3
2019-05-15 13:47:24,889 INFO (StartupInfoLogger.java:50)- Starting TestMapApplication on PC201903011456 with PID 12600 (D:\develop\workSpaces\idea_project\test-map\target\classes started by Administrator in D:\develop\workSpaces\idea_project\test-map)
2019-05-15 13:47:24,894 INFO (SpringApplication.java:652)- No active profile set, falling back to default profiles: default
2019-05-15 13:47:29,487 INFO (StartupInfoLogger.java:59)- Started TestMapApplication in 5.392 seconds (JVM running for 6.153)
2019-05-15 13:47:29,491 INFO (TestMapApplication.java:19)- =========================
2019-05-15 13:47:29,491 ERROR (TestMapApplication.java:21)- 日志测试 log error
2019-05-15 13:47:32,213 DEBUG (BaseJdbcLogger.java:159)- ==>  Preparing: SELECT maa,sadf,wrsa,sfds FROM xxx -- WHERE 别直接写where WHERE maa LIKE CONCAT(CONCAT('%', ?,'%')) limit 2,3 
2019-05-15 13:47:32,233 DEBUG (BaseJdbcLogger.java:159)- ==> Parameters: 12(String)
2019-05-15 13:47:32,248 DEBUG (BaseJdbcLogger.java:159)- <==      Total: 3
2019-05-15 13:47:34,628 DEBUG (BaseJdbcLogger.java:159)- ==>  Preparing: SELECT maa,sadf,wrsa,sfds FROM xxx -- WHERE 别直接写where WHERE maa LIKE CONCAT(CONCAT('%', ?,'%')) limit 2,3 
2019-05-15 13:47:34,629 DEBUG (BaseJdbcLogger.java:159)- ==> Parameters: 12(String)
2019-05-15 13:47:34,632 DEBUG (BaseJdbcLogger.java:159)- <==      Total: 3
2019-05-15 13:51:37,994 INFO (StartupInfoLogger.java:50)- Starting TestMapApplication on PC201903011456 with PID 13148 (D:\develop\workSpaces\idea_project\test-map\target\classes started by Administrator in D:\develop\workSpaces\idea_project\test-map)
2019-05-15 13:51:38,004 INFO (SpringApplication.java:652)- No active profile set, falling back to default profiles: default
2019-05-15 13:51:42,452 INFO (StartupInfoLogger.java:59)- Started TestMapApplication in 5.308 seconds (JVM running for 6.42)
2019-05-15 13:51:42,455 INFO (TestMapApplication.java:19)- =========================
2019-05-15 13:51:42,456 ERROR (TestMapApplication.java:21)- 日志测试 log error
2019-05-15 13:51:58,348 DEBUG (BaseJdbcLogger.java:159)- ==>  Preparing: SELECT maa,sadf,wrsa,sfds FROM xxx -- WHERE 别直接写where WHERE maa LIKE CONCAT(CONCAT('%', ?,'%')) limit 2,3 
2019-05-15 13:51:58,368 DEBUG (BaseJdbcLogger.java:159)- ==> Parameters: 12(String)
2019-05-15 13:51:58,385 DEBUG (BaseJdbcLogger.java:159)- <==      Total: 3
2019-05-15 13:52:18,240 INFO (StartupInfoLogger.java:50)- Starting TestMapApplication on PC201903011456 with PID 4664 (D:\develop\workSpaces\idea_project\test-map\target\classes started by Administrator in D:\develop\workSpaces\idea_project\test-map)
2019-05-15 13:52:18,249 INFO (SpringApplication.java:652)- No active profile set, falling back to default profiles: default
2019-05-15 13:52:22,674 INFO (StartupInfoLogger.java:59)- Started TestMapApplication in 5.314 seconds (JVM running for 6.158)
2019-05-15 13:52:22,677 INFO (TestMapApplication.java:19)- =========================
2019-05-15 13:52:22,677 ERROR (TestMapApplication.java:21)- 日志测试 log error
2019-05-15 13:52:26,375 DEBUG (BaseJdbcLogger.java:159)- ==>  Preparing: SELECT maa,sadf,wrsa,sfds FROM xxx -- WHERE 别直接写where WHERE maa LIKE CONCAT(CONCAT('%', ?,'%')) limit 2,3 
2019-05-15 13:52:26,395 DEBUG (BaseJdbcLogger.java:159)- ==> Parameters: 12(String)
2019-05-15 13:52:26,413 DEBUG (BaseJdbcLogger.java:159)- <==      Total: 3
2019-05-15 14:37:59,350 INFO (StartupInfoLogger.java:50)- Starting TestMapApplication on PC201903011456 with PID 12116 (D:\develop\workSpaces\idea_project\test-map\target\classes started by Administrator in D:\develop\workSpaces\idea_project\test-map)
2019-05-15 14:37:59,356 INFO (SpringApplication.java:652)- No active profile set, falling back to default profiles: default
2019-05-15 14:38:40,686 INFO (StartupInfoLogger.java:50)- Starting TestMapApplication on PC201903011456 with PID 11120 (D:\develop\workSpaces\idea_project\test-map\target\classes started by Administrator in D:\develop\workSpaces\idea_project\test-map)
2019-05-15 14:38:40,706 INFO (SpringApplication.java:652)- No active profile set, falling back to default profiles: default
2019-05-15 14:38:48,568 INFO (StartupInfoLogger.java:50)- Starting TestMapApplication on PC201903011456 with PID 1648 (D:\develop\workSpaces\idea_project\test-map\target\classes started by Administrator in D:\develop\workSpaces\idea_project\test-map)
2019-05-15 14:38:48,596 INFO (SpringApplication.java:652)- No active profile set, falling back to default profiles: default
2019-05-15 14:38:51,909 INFO (StartupInfoLogger.java:59)- Started TestMapApplication in 4.689 seconds (JVM running for 5.726)
2019-05-15 14:38:51,912 INFO (TestMapApplication.java:19)- =========================
2019-05-15 14:38:51,912 ERROR (TestMapApplication.java:21)- 日志测试 log error
2019-05-15 14:38:54,207 DEBUG (BaseJdbcLogger.java:159)- ==>  Preparing: SELECT maa,sadf,wrsa,sfds FROM xxx x WHERE x.maa LIKE CONCAT(?,'%') LIMIT ? ? 
2019-05-15 14:38:54,226 DEBUG (BaseJdbcLogger.java:159)- ==> Parameters: 12(String), 2(Integer), 3(Integer)
2019-05-15 14:40:27,825 INFO (StartupInfoLogger.java:50)- Starting TestMapApplication on PC201903011456 with PID 11860 (D:\develop\workSpaces\idea_project\test-map\target\classes started by Administrator in D:\develop\workSpaces\idea_project\test-map)
2019-05-15 14:40:27,831 INFO (SpringApplication.java:652)- No active profile set, falling back to default profiles: default
2019-05-15 14:40:31,518 INFO (StartupInfoLogger.java:59)- Started TestMapApplication in 4.507 seconds (JVM running for 5.381)
2019-05-15 14:40:31,521 INFO (TestMapApplication.java:19)- =========================
2019-05-15 14:40:31,521 ERROR (TestMapApplication.java:21)- 日志测试 log error
2019-05-15 14:40:34,736 DEBUG (BaseJdbcLogger.java:159)- ==>  Preparing: SELECT maa,sadf,wrsa,sfds FROM xxx x WHERE x.maa LIKE CONCAT(?,'%') LIMIT ? ,? 
2019-05-15 14:40:34,755 DEBUG (BaseJdbcLogger.java:159)- ==> Parameters: 12(String), 2(Integer), 3(Integer)
2019-05-15 14:40:34,801 DEBUG (BaseJdbcLogger.java:159)- <==      Total: 3
2019-05-15 14:41:26,087 INFO (StartupInfoLogger.java:50)- Starting TestMapApplication on PC201903011456 with PID 11600 (D:\develop\workSpaces\idea_project\test-map\target\classes started by Administrator in D:\develop\workSpaces\idea_project\test-map)
2019-05-15 14:41:26,096 INFO (SpringApplication.java:652)- No active profile set, falling back to default profiles: default
2019-05-15 14:41:30,243 INFO (StartupInfoLogger.java:59)- Started TestMapApplication in 4.882 seconds (JVM running for 5.627)
2019-05-15 14:41:30,246 INFO (TestMapApplication.java:19)- =========================
2019-05-15 14:41:30,247 ERROR (TestMapApplication.java:21)- 日志测试 log error
2019-05-15 14:41:31,919 DEBUG (BaseJdbcLogger.java:159)- ==>  Preparing: SELECT maa,sadf,wrsa,sfds FROM xxx x WHERE x.maa LIKE CONCAT(?,'%') 
2019-05-15 14:41:31,938 DEBUG (BaseJdbcLogger.java:159)- ==> Parameters: 12(String)
2019-05-15 14:41:31,954 DEBUG (BaseJdbcLogger.java:159)- <==      Total: 7
2019-05-15 14:42:55,607 INFO (StartupInfoLogger.java:50)- Starting TestMapApplication on PC201903011456 with PID 11852 (D:\develop\workSpaces\idea_project\test-map\target\classes started by Administrator in D:\develop\workSpaces\idea_project\test-map)
2019-05-15 14:42:55,630 INFO (SpringApplication.java:652)- No active profile set, falling back to default profiles: default
2019-05-15 14:43:00,031 INFO (StartupInfoLogger.java:59)- Started TestMapApplication in 5.132 seconds (JVM running for 6.219)
2019-05-15 14:43:00,035 INFO (TestMapApplication.java:19)- =========================
2019-05-15 14:43:00,035 ERROR (TestMapApplication.java:21)- 日志测试 log error
2019-05-15 14:43:02,542 DEBUG (BaseJdbcLogger.java:159)- ==>  Preparing: SELECT maa,sadf,wrsa,sfds FROM xxx x WHERE x.maa LIKE CONCAT(?,'%') 
2019-05-15 14:43:02,563 DEBUG (BaseJdbcLogger.java:159)- ==> Parameters: 12(String)
2019-05-15 14:43:02,578 DEBUG (BaseJdbcLogger.java:159)- <==      Total: 7
2019-05-15 14:44:43,242 INFO (StartupInfoLogger.java:50)- Starting TestMapApplication on PC201903011456 with PID 8204 (D:\develop\workSpaces\idea_project\test-map\target\classes started by Administrator in D:\develop\workSpaces\idea_project\test-map)
2019-05-15 14:44:43,252 INFO (SpringApplication.java:652)- No active profile set, falling back to default profiles: default
2019-05-15 14:44:48,098 INFO (StartupInfoLogger.java:59)- Started TestMapApplication in 5.647 seconds (JVM running for 6.461)
2019-05-15 14:44:48,101 INFO (TestMapApplication.java:19)- =========================
2019-05-15 14:44:48,101 ERROR (TestMapApplication.java:21)- 日志测试 log error
2019-05-15 14:44:48,811 DEBUG (BaseJdbcLogger.java:159)- ==>  Preparing: SELECT maa,sadf,wrsa,sfds FROM xxx x WHERE x.maa LIKE CONCAT(?,'%') LIMIT ? 
2019-05-15 14:44:48,830 DEBUG (BaseJdbcLogger.java:159)- ==> Parameters: 12(String), 2(Integer)
2019-05-15 14:44:48,844 DEBUG (BaseJdbcLogger.java:159)- <==      Total: 2
2019-05-15 14:46:52,883 INFO (StartupInfoLogger.java:50)- Starting TestMapApplication on PC201903011456 with PID 6988 (D:\develop\workSpaces\idea_project\test-map\target\classes started by Administrator in D:\develop\workSpaces\idea_project\test-map)
2019-05-15 14:46:52,890 INFO (SpringApplication.java:652)- No active profile set, falling back to default profiles: default
2019-05-15 14:46:56,915 INFO (StartupInfoLogger.java:59)- Started TestMapApplication in 4.732 seconds (JVM running for 5.421)
2019-05-15 14:46:56,918 INFO (TestMapApplication.java:19)- =========================
2019-05-15 14:46:56,919 ERROR (TestMapApplication.java:21)- 日志测试 log error
2019-05-15 14:46:59,924 DEBUG (BaseJdbcLogger.java:159)- ==>  Preparing: SELECT maa,sadf,wrsa,sfds FROM xxx x WHERE x.maa LIKE CONCAT(?,'%') ,? 
2019-05-15 14:46:59,945 DEBUG (BaseJdbcLogger.java:159)- ==> Parameters: 12(String), 2(Integer)
2019-05-15 14:47:52,763 INFO (StartupInfoLogger.java:50)- Starting TestMapApplication on PC201903011456 with PID 13180 (D:\develop\workSpaces\idea_project\test-map\target\classes started by Administrator in D:\develop\workSpaces\idea_project\test-map)
2019-05-15 14:47:52,768 INFO (SpringApplication.java:652)- No active profile set, falling back to default profiles: default
2019-05-15 14:47:56,842 INFO (StartupInfoLogger.java:59)- Started TestMapApplication in 4.935 seconds (JVM running for 5.884)
2019-05-15 14:47:56,846 INFO (TestMapApplication.java:19)- =========================
2019-05-15 14:47:56,846 ERROR (TestMapApplication.java:21)- 日志测试 log error
2019-05-15 14:47:58,780 DEBUG (BaseJdbcLogger.java:159)- ==>  Preparing: SELECT maa,sadf,wrsa,sfds FROM xxx x WHERE x.maa LIKE CONCAT(?,'%') ? 
2019-05-15 14:47:58,798 DEBUG (BaseJdbcLogger.java:159)- ==> Parameters: 12(String), 2(Integer)
2019-05-15 14:48:56,992 INFO (StartupInfoLogger.java:50)- Starting TestMapApplication on PC201903011456 with PID 12784 (D:\develop\workSpaces\idea_project\test-map\target\classes started by Administrator in D:\develop\workSpaces\idea_project\test-map)
2019-05-15 14:48:56,998 INFO (SpringApplication.java:652)- No active profile set, falling back to default profiles: default
2019-05-15 14:49:01,127 INFO (StartupInfoLogger.java:59)- Started TestMapApplication in 5.501 seconds (JVM running for 6.555)
2019-05-15 14:49:01,129 INFO (TestMapApplication.java:19)- =========================
2019-05-15 14:49:01,130 ERROR (TestMapApplication.java:21)- 日志测试 log error
2019-05-15 14:49:03,052 DEBUG (BaseJdbcLogger.java:159)- ==>  Preparing: SELECT maa,sadf,wrsa,sfds FROM xxx x WHERE x.maa LIKE CONCAT(?,'%') LIMIT ? 
2019-05-15 14:49:03,072 DEBUG (BaseJdbcLogger.java:159)- ==> Parameters: 12(String), 2(Integer)
2019-05-15 14:49:03,087 DEBUG (BaseJdbcLogger.java:159)- <==      Total: 2
2019-05-15 14:49:38,871 INFO (StartupInfoLogger.java:50)- Starting TestMapApplication on PC201903011456 with PID 8760 (D:\develop\workSpaces\idea_project\test-map\target\classes started by Administrator in D:\develop\workSpaces\idea_project\test-map)
2019-05-15 14:49:38,879 INFO (SpringApplication.java:652)- No active profile set, falling back to default profiles: default
2019-05-15 14:49:42,955 INFO (StartupInfoLogger.java:59)- Started TestMapApplication in 4.897 seconds (JVM running for 5.663)
2019-05-15 14:49:42,958 INFO (TestMapApplication.java:19)- =========================
2019-05-15 14:49:42,958 ERROR (TestMapApplication.java:21)- 日志测试 log error
2019-05-15 14:49:45,105 DEBUG (BaseJdbcLogger.java:159)- ==>  Preparing: SELECT maa,sadf,wrsa,sfds FROM xxx x WHERE x.maa LIKE CONCAT(?,'%') LIMIT ? 
2019-05-15 14:49:45,124 DEBUG (BaseJdbcLogger.java:159)- ==> Parameters: 12(String), 2(Integer)
2019-05-15 14:49:45,137 DEBUG (BaseJdbcLogger.java:159)- <==      Total: 2
2019-05-15 14:49:59,172 INFO (StartupInfoLogger.java:50)- Starting TestMapApplication on PC201903011456 with PID 1864 (D:\develop\workSpaces\idea_project\test-map\target\classes started by Administrator in D:\develop\workSpaces\idea_project\test-map)
2019-05-15 14:49:59,177 INFO (SpringApplication.java:652)- No active profile set, falling back to default profiles: default
2019-05-15 14:50:03,413 INFO (StartupInfoLogger.java:59)- Started TestMapApplication in 5.148 seconds (JVM running for 6.033)
2019-05-15 14:50:03,416 INFO (TestMapApplication.java:19)- =========================
2019-05-15 14:50:03,416 ERROR (TestMapApplication.java:21)- 日志测试 log error
2019-05-15 14:50:06,003 DEBUG (BaseJdbcLogger.java:159)- ==>  Preparing: SELECT maa,sadf,wrsa,sfds FROM xxx x WHERE x.maa LIKE CONCAT(?,'%') LIMIT ?, 
2019-05-15 14:50:06,022 DEBUG (BaseJdbcLogger.java:159)- ==> Parameters: 12(String), 2(Integer)
2019-05-15 14:51:13,232 INFO (StartupInfoLogger.java:50)- Starting TestMapApplication on PC201903011456 with PID 8440 (D:\develop\workSpaces\idea_project\test-map\target\classes started by Administrator in D:\develop\workSpaces\idea_project\test-map)
2019-05-15 14:51:13,238 INFO (SpringApplication.java:652)- No active profile set, falling back to default profiles: default
2019-05-15 14:51:17,442 INFO (StartupInfoLogger.java:59)- Started TestMapApplication in 4.913 seconds (JVM running for 5.667)
2019-05-15 14:51:17,446 INFO (TestMapApplication.java:19)- =========================
2019-05-15 14:51:17,446 ERROR (TestMapApplication.java:21)- 日志测试 log error
2019-05-15 14:51:18,932 DEBUG (BaseJdbcLogger.java:159)- ==>  Preparing: SELECT maa,sadf,wrsa,sfds FROM xxx x WHERE x.maa LIKE CONCAT(?,'%') 
2019-05-15 14:51:18,952 DEBUG (BaseJdbcLogger.java:159)- ==> Parameters: 12(String)
2019-05-15 14:51:18,970 DEBUG (BaseJdbcLogger.java:159)- <==      Total: 7
2019-05-15 14:51:29,886 INFO (StartupInfoLogger.java:50)- Starting TestMapApplication on PC201903011456 with PID 2040 (D:\develop\workSpaces\idea_project\test-map\target\classes started by Administrator in D:\develop\workSpaces\idea_project\test-map)
2019-05-15 14:51:29,894 INFO (SpringApplication.java:652)- No active profile set, falling back to default profiles: default
2019-05-15 14:51:34,758 INFO (StartupInfoLogger.java:59)- Started TestMapApplication in 5.569 seconds (JVM running for 6.361)
2019-05-15 14:51:34,763 INFO (TestMapApplication.java:19)- =========================
2019-05-15 14:51:34,763 ERROR (TestMapApplication.java:21)- 日志测试 log error
2019-05-15 14:51:37,222 DEBUG (BaseJdbcLogger.java:159)- ==>  Preparing: SELECT maa,sadf,wrsa,sfds FROM xxx x WHERE x.maa LIKE CONCAT(?,'%') LIMIT ?, , ? 
2019-05-15 14:51:37,245 DEBUG (BaseJdbcLogger.java:159)- ==> Parameters: 1(String), 2(Integer), 2(Integer)
2019-05-15 14:52:12,154 INFO (StartupInfoLogger.java:50)- Starting TestMapApplication on PC201903011456 with PID 8724 (D:\develop\workSpaces\idea_project\test-map\target\classes started by Administrator in D:\develop\workSpaces\idea_project\test-map)
2019-05-15 14:52:12,160 INFO (SpringApplication.java:652)- No active profile set, falling back to default profiles: default
2019-05-15 14:52:16,400 INFO (StartupInfoLogger.java:59)- Started TestMapApplication in 4.903 seconds (JVM running for 5.605)
2019-05-15 14:52:16,404 INFO (TestMapApplication.java:19)- =========================
2019-05-15 14:52:16,404 ERROR (TestMapApplication.java:21)- 日志测试 log error
2019-05-15 14:52:20,054 DEBUG (BaseJdbcLogger.java:159)- ==>  Preparing: SELECT maa,sadf,wrsa,sfds FROM xxx x WHERE x.maa LIKE CONCAT(?,'%') 
2019-05-15 14:52:20,073 DEBUG (BaseJdbcLogger.java:159)- ==> Parameters: 12(String)
2019-05-15 14:52:20,086 DEBUG (BaseJdbcLogger.java:159)- <==      Total: 7
2019-05-15 14:52:32,552 INFO (StartupInfoLogger.java:50)- Starting TestMapApplication on PC201903011456 with PID 13212 (D:\develop\workSpaces\idea_project\test-map\target\classes started by Administrator in D:\develop\workSpaces\idea_project\test-map)
2019-05-15 14:52:32,561 INFO (SpringApplication.java:652)- No active profile set, falling back to default profiles: default
2019-05-15 14:52:36,992 INFO (StartupInfoLogger.java:59)- Started TestMapApplication in 5.166 seconds (JVM running for 5.942)
2019-05-15 14:52:36,996 INFO (TestMapApplication.java:19)- =========================
2019-05-15 14:52:36,996 ERROR (TestMapApplication.java:21)- 日志测试 log error
2019-05-15 14:52:40,615 DEBUG (BaseJdbcLogger.java:159)- ==>  Preparing: SELECT maa,sadf,wrsa,sfds FROM xxx x WHERE x.maa LIKE CONCAT(?,'%') LIMIT ? , ? 
2019-05-15 14:52:40,635 DEBUG (BaseJdbcLogger.java:159)- ==> Parameters: 1(String), 2(Integer), 2(Integer)
2019-05-15 14:52:40,650 DEBUG (BaseJdbcLogger.java:159)- <==      Total: 2
2019-05-15 14:53:06,446 INFO (StartupInfoLogger.java:50)- Starting TestMapApplication on PC201903011456 with PID 12212 (D:\develop\workSpaces\idea_project\test-map\target\classes started by Administrator in D:\develop\workSpaces\idea_project\test-map)
2019-05-15 14:53:06,451 INFO (SpringApplication.java:652)- No active profile set, falling back to default profiles: default
2019-05-15 14:53:10,441 INFO (StartupInfoLogger.java:59)- Started TestMapApplication in 4.943 seconds (JVM running for 5.921)
2019-05-15 14:53:10,444 INFO (TestMapApplication.java:19)- =========================
2019-05-15 14:53:10,445 ERROR (TestMapApplication.java:21)- 日志测试 log error
2019-05-15 14:53:13,402 DEBUG (BaseJdbcLogger.java:159)- ==>  Preparing: SELECT maa,sadf,wrsa,sfds FROM xxx x WHERE x.maa LIKE CONCAT(?,'%') LIMIT ? 
2019-05-15 14:53:13,422 DEBUG (BaseJdbcLogger.java:159)- ==> Parameters: 12(String), 2(Integer)
2019-05-15 14:53:13,437 DEBUG (BaseJdbcLogger.java:159)- <==      Total: 2
2019-05-15 14:53:19,503 INFO (StartupInfoLogger.java:50)- Starting TestMapApplication on PC201903011456 with PID 8440 (D:\develop\workSpaces\idea_project\test-map\target\classes started by Administrator in D:\develop\workSpaces\idea_project\test-map)
2019-05-15 14:53:19,513 INFO (SpringApplication.java:652)- No active profile set, falling back to default profiles: default
2019-05-15 14:53:30,060 INFO (StartupInfoLogger.java:50)- Starting TestMapApplication on PC201903011456 with PID 10812 (D:\develop\workSpaces\idea_project\test-map\target\classes started by Administrator in D:\develop\workSpaces\idea_project\test-map)
2019-05-15 14:53:30,066 INFO (SpringApplication.java:652)- No active profile set, falling back to default profiles: default
2019-05-15 14:53:34,335 INFO (StartupInfoLogger.java:59)- Started TestMapApplication in 5.008 seconds (JVM running for 5.768)
2019-05-15 14:53:34,340 INFO (TestMapApplication.java:19)- =========================
2019-05-15 14:53:34,341 ERROR (TestMapApplication.java:21)- 日志测试 log error
2019-05-15 14:53:37,130 DEBUG (BaseJdbcLogger.java:159)- ==>  Preparing: SELECT maa,sadf,wrsa,sfds FROM xxx x WHERE x.maa LIKE CONCAT(?,'%') LIMIT ? 
2019-05-15 14:53:37,150 DEBUG (BaseJdbcLogger.java:159)- ==> Parameters: 12(String), 2(Integer)
2019-05-15 14:53:37,165 DEBUG (BaseJdbcLogger.java:159)- <==      Total: 2
2019-05-15 14:55:14,917 INFO (StartupInfoLogger.java:50)- Starting TestMapApplication on PC201903011456 with PID 2548 (D:\develop\workSpaces\idea_project\test-map\target\classes started by Administrator in D:\develop\workSpaces\idea_project\test-map)
2019-05-15 14:55:14,923 INFO (SpringApplication.java:652)- No active profile set, falling back to default profiles: default
2019-05-15 14:55:18,967 INFO (StartupInfoLogger.java:59)- Started TestMapApplication in 4.772 seconds (JVM running for 5.489)
2019-05-15 14:55:18,971 INFO (TestMapApplication.java:19)- =========================
2019-05-15 14:55:18,972 ERROR (TestMapApplication.java:21)- 日志测试 log error
2019-05-15 14:55:23,881 DEBUG (BaseJdbcLogger.java:159)- ==>  Preparing: SELECT maa,sadf,wrsa,sfds FROM xxx x WHERE x.maa LIKE CONCAT(?,'%') LIMIT ? 
2019-05-15 14:55:23,900 DEBUG (BaseJdbcLogger.java:159)- ==> Parameters: 12(String), 2(Integer)
2019-05-15 14:55:23,914 DEBUG (BaseJdbcLogger.java:159)- <==      Total: 2
2019-05-15 14:55:42,879 INFO (StartupInfoLogger.java:50)- Starting TestMapApplication on PC201903011456 with PID 5268 (D:\develop\workSpaces\idea_project\test-map\target\classes started by Administrator in D:\develop\workSpaces\idea_project\test-map)
2019-05-15 14:55:42,886 INFO (SpringApplication.java:652)- No active profile set, falling back to default profiles: default
2019-05-15 14:55:46,500 INFO (StartupInfoLogger.java:59)- Started TestMapApplication in 4.45 seconds (JVM running for 5.234)
2019-05-15 14:55:46,503 INFO (TestMapApplication.java:19)- =========================
2019-05-15 14:55:46,503 ERROR (TestMapApplication.java:21)- 日志测试 log error
2019-05-15 14:55:48,282 DEBUG (BaseJdbcLogger.java:159)- ==>  Preparing: SELECT maa,sadf,wrsa,sfds FROM xxx x WHERE x.maa LIKE CONCAT(?,'%') 
2019-05-15 14:55:48,305 DEBUG (BaseJdbcLogger.java:159)- ==> Parameters: 12(String)
2019-05-15 14:55:48,323 DEBUG (BaseJdbcLogger.java:159)- <==      Total: 7
2019-05-15 14:56:01,858 INFO (StartupInfoLogger.java:50)- Starting TestMapApplication on PC201903011456 with PID 8820 (D:\develop\workSpaces\idea_project\test-map\target\classes started by Administrator in D:\develop\workSpaces\idea_project\test-map)
2019-05-15 14:56:01,866 INFO (SpringApplication.java:652)- No active profile set, falling back to default profiles: default
2019-05-15 14:56:06,316 INFO (StartupInfoLogger.java:59)- Started TestMapApplication in 5.248 seconds (JVM running for 5.999)
2019-05-15 14:56:06,319 INFO (TestMapApplication.java:19)- =========================
2019-05-15 14:56:06,319 ERROR (TestMapApplication.java:21)- 日志测试 log error
2019-05-15 14:56:07,737 DEBUG (BaseJdbcLogger.java:159)- ==>  Preparing: SELECT maa,sadf,wrsa,sfds FROM xxx x WHERE x.maa LIKE CONCAT(?,'%') LIMIT ? , ? 
2019-05-15 14:56:07,757 DEBUG (BaseJdbcLogger.java:159)- ==> Parameters: 1(String), 2(Integer), 2(Integer)
2019-05-15 14:56:07,773 DEBUG (BaseJdbcLogger.java:159)- <==      Total: 2
2019-05-15 14:56:29,270 INFO (StartupInfoLogger.java:50)- Starting TestMapApplication on PC201903011456 with PID 10848 (D:\develop\workSpaces\idea_project\test-map\target\classes started by Administrator in D:\develop\workSpaces\idea_project\test-map)
2019-05-15 14:56:29,277 INFO (SpringApplication.java:652)- No active profile set, falling back to default profiles: default
2019-05-15 14:56:33,499 INFO (StartupInfoLogger.java:59)- Started TestMapApplication in 4.957 seconds (JVM running for 5.703)
2019-05-15 14:56:33,503 INFO (TestMapApplication.java:19)- =========================
2019-05-15 14:56:33,504 ERROR (TestMapApplication.java:21)- 日志测试 log error
2019-05-15 14:56:35,571 DEBUG (BaseJdbcLogger.java:159)- ==>  Preparing: SELECT maa,sadf,wrsa,sfds FROM xxx x WHERE x.maa LIKE CONCAT(?,'%') LIMIT ? 
2019-05-15 14:56:35,592 DEBUG (BaseJdbcLogger.java:159)- ==> Parameters: 12(String), 2(Integer)
2019-05-15 14:56:35,607 DEBUG (BaseJdbcLogger.java:159)- <==      Total: 2
2019-05-15 14:56:50,655 INFO (StartupInfoLogger.java:50)- Starting TestMapApplication on PC201903011456 with PID 7576 (D:\develop\workSpaces\idea_project\test-map\target\classes started by Administrator in D:\develop\workSpaces\idea_project\test-map)
2019-05-15 14:56:50,661 INFO (SpringApplication.java:652)- No active profile set, falling back to default profiles: default
2019-05-15 14:56:54,997 INFO (StartupInfoLogger.java:59)- Started TestMapApplication in 5.075 seconds (JVM running for 5.849)
2019-05-15 14:56:55,000 INFO (TestMapApplication.java:19)- =========================
2019-05-15 14:56:55,001 ERROR (TestMapApplication.java:21)- 日志测试 log error
2019-05-15 14:56:56,906 DEBUG (BaseJdbcLogger.java:159)- ==>  Preparing: SELECT maa,sadf,wrsa,sfds FROM xxx x WHERE x.maa LIKE CONCAT(?,'%') LIMIT ? 
2019-05-15 14:56:56,926 DEBUG (BaseJdbcLogger.java:159)- ==> Parameters: 12(String), 2(Integer)
2019-05-15 14:56:56,939 DEBUG (BaseJdbcLogger.java:159)- <==      Total: 2
2019-05-15 15:08:18,010 INFO (StartupInfoLogger.java:50)- Starting TestMapApplication on PC201903011456 with PID 12128 (D:\develop\workSpaces\idea_project\test-map\target\classes started by Administrator in D:\develop\workSpaces\idea_project\test-map)
2019-05-15 15:08:18,015 INFO (SpringApplication.java:652)- No active profile set, falling back to default profiles: default
2019-05-15 15:08:22,213 INFO (StartupInfoLogger.java:59)- Started TestMapApplication in 4.921 seconds (JVM running for 5.732)
2019-05-15 15:08:22,217 INFO (TestMapApplication.java:19)- =========================
2019-05-15 15:08:22,217 ERROR (TestMapApplication.java:21)- 日志测试 log error
2019-05-15 15:08:34,414 DEBUG (BaseJdbcLogger.java:159)- ==>  Preparing: SELECT maa,sadf,wrsa,sfds FROM xxx x WHERE x.maa LIKE CONCAT(?,'%') LIMIT limit ? 
2019-05-15 15:08:34,434 DEBUG (BaseJdbcLogger.java:159)- ==> Parameters: 12(String), 2(Integer)
2019-05-15 15:12:50,973 INFO (StartupInfoLogger.java:50)- Starting TestMapApplication on PC201903011456 with PID 12112 (D:\develop\workSpaces\idea_project\test-map\target\classes started by Administrator in D:\develop\workSpaces\idea_project\test-map)
2019-05-15 15:12:50,979 INFO (SpringApplication.java:652)- No active profile set, falling back to default profiles: default
2019-05-15 15:12:55,580 INFO (StartupInfoLogger.java:59)- Started TestMapApplication in 5.667 seconds (JVM running for 6.726)
2019-05-15 15:12:55,585 INFO (TestMapApplication.java:19)- =========================
2019-05-15 15:12:55,586 ERROR (TestMapApplication.java:21)- 日志测试 log error
2019-05-15 15:12:59,122 DEBUG (BaseJdbcLogger.java:159)- ==>  Preparing: SELECT maa,sadf,wrsa,sfds FROM xxx x WHERE x.maa LIKE CONCAT(?,'%') LIMIT ? 
2019-05-15 15:12:59,165 DEBUG (BaseJdbcLogger.java:159)- ==> Parameters: 12(String), 2(Integer)
2019-05-15 15:12:59,185 DEBUG (BaseJdbcLogger.java:159)- <==      Total: 2
2019-05-15 15:24:03,381 INFO (StartupInfoLogger.java:50)- Starting TestMapApplication on PC201903011456 with PID 6800 (D:\develop\workSpaces\idea_project\test-map\target\classes started by Administrator in D:\develop\workSpaces\idea_project\test-map)
2019-05-15 15:24:03,384 INFO (SpringApplication.java:652)- No active profile set, falling back to default profiles: default
2019-05-15 15:24:07,618 INFO (StartupInfoLogger.java:59)- Started TestMapApplication in 5.08 seconds (JVM running for 6.065)
2019-05-15 15:24:07,620 INFO (TestMapApplication.java:19)- =========================
2019-05-15 15:24:07,621 ERROR (TestMapApplication.java:21)- 日志测试 log error
2019-05-15 15:24:09,113 DEBUG (BaseJdbcLogger.java:159)- ==>  Preparing: insert into zzz ( qwe, asd, zxc, st, fgh, en ) values ( ?, ?, ?, ?, ?, ? ) 
2019-05-15 15:24:09,136 DEBUG (BaseJdbcLogger.java:159)- ==> Parameters: 23(String), 3(Integer), 2019-05-15(Date), 2019-05-15 15:24:08.848(Timestamp), 23.3(Double), 2019-05-15 15:24:08.848(Timestamp)
2019-05-15 15:24:09,138 DEBUG (BaseJdbcLogger.java:159)- <==    Updates: 1
2019-05-15 15:24:42,612 INFO (StartupInfoLogger.java:50)- Starting TestMapApplication on PC201903011456 with PID 12624 (D:\develop\workSpaces\idea_project\test-map\target\classes started by Administrator in D:\develop\workSpaces\idea_project\test-map)
2019-05-15 15:24:42,619 INFO (SpringApplication.java:652)- No active profile set, falling back to default profiles: default
2019-05-15 15:24:47,074 INFO (StartupInfoLogger.java:59)- Started TestMapApplication in 5.237 seconds (JVM running for 6.166)
2019-05-15 15:24:47,078 INFO (TestMapApplication.java:19)- =========================
2019-05-15 15:24:47,078 ERROR (TestMapApplication.java:21)- 日志测试 log error
2019-05-15 15:24:48,888 DEBUG (BaseJdbcLogger.java:159)- ==>  Preparing: insert into zzz ( qwe, asd, zxc, st, fgh, en ) values ( ?, ?, ?, ?, ?, ? ) 
2019-05-15 15:24:48,908 DEBUG (BaseJdbcLogger.java:159)- ==> Parameters: 23(String), 3(Integer), 1970-01-01(Date), 2019-05-15 15:24:48.62(Timestamp), 23.3(Double), 2019-05-15 15:24:48.62(Timestamp)
2019-05-15 15:25:38,071 INFO (StartupInfoLogger.java:50)- Starting TestMapApplication on PC201903011456 with PID 10004 (D:\develop\workSpaces\idea_project\test-map\target\classes started by Administrator in D:\develop\workSpaces\idea_project\test-map)
2019-05-15 15:25:38,077 INFO (SpringApplication.java:652)- No active profile set, falling back to default profiles: default
2019-05-15 15:25:42,634 INFO (StartupInfoLogger.java:59)- Started TestMapApplication in 5.396 seconds (JVM running for 6.213)
2019-05-15 15:25:42,637 INFO (TestMapApplication.java:19)- =========================
2019-05-15 15:25:42,637 ERROR (TestMapApplication.java:21)- 日志测试 log error
2019-05-15 15:25:43,980 DEBUG (BaseJdbcLogger.java:159)- ==>  Preparing: insert into zzz ( qwe, asd, zxc, st, fgh, en ) values ( ?, ?, ?, ?, ?, ? ) 
2019-05-15 15:25:44,007 DEBUG (BaseJdbcLogger.java:159)- ==> Parameters: 233(String), 32(Integer), 1970-01-01(Date), 2019-05-15 15:25:43.721(Timestamp), 23.3(Double), 2019-05-15 15:25:43.721(Timestamp)
2019-05-15 15:25:44,010 DEBUG (BaseJdbcLogger.java:159)- <==    Updates: 1
2019-05-15 15:28:13,237 INFO (StartupInfoLogger.java:50)- Starting TestMapApplication on PC201903011456 with PID 11616 (D:\develop\workSpaces\idea_project\test-map\target\classes started by Administrator in D:\develop\workSpaces\idea_project\test-map)
2019-05-15 15:28:13,255 INFO (SpringApplication.java:652)- No active profile set, falling back to default profiles: default
2019-05-15 15:28:17,587 INFO (StartupInfoLogger.java:59)- Started TestMapApplication in 5.124 seconds (JVM running for 5.946)
2019-05-15 15:28:17,590 INFO (TestMapApplication.java:19)- =========================
2019-05-15 15:28:17,591 ERROR (TestMapApplication.java:21)- 日志测试 log error
2019-05-15 15:28:20,100 DEBUG (BaseJdbcLogger.java:159)- ==>  Preparing: insert into zzz ( qwe, asd, zxc, st, fgh, en ) values ( ?, ?, ?, ?, ?, ? ) 
2019-05-15 15:28:20,121 DEBUG (BaseJdbcLogger.java:159)- ==> Parameters: 213(String), 32(Integer), 1970-01-01(Date), 1970-01-01 08:00:02.003(Timestamp), 23.3(Double), 1970-01-01 08:00:01.992(Timestamp)
2019-05-15 15:28:20,123 DEBUG (BaseJdbcLogger.java:159)- <==    Updates: 1
2019-05-15 15:28:20,124 DEBUG (BaseJdbcLogger.java:159)- ==>  Preparing: insert into zzz ( qwe, asd, zxc, st, fgh, en ) values ( ?, ?, ?, ?, ?, ? ) 
2019-05-15 15:28:20,126 DEBUG (BaseJdbcLogger.java:159)- ==> Parameters: 223(String), 22(Integer), 1970-01-01(Date), 1970-01-01 08:00:01.999(Timestamp), 23.3(Double), 1970-01-01 08:00:01.996(Timestamp)
2019-05-15 15:28:20,127 DEBUG (BaseJdbcLogger.java:159)- <==    Updates: 1
2019-05-15 15:28:20,128 DEBUG (BaseJdbcLogger.java:159)- ==>  Preparing: insert into zzz ( qwe, asd, zxc, st, fgh, en ) values ( ?, ?, ?, ?, ?, ? ) 
2019-05-15 15:28:20,129 DEBUG (BaseJdbcLogger.java:159)- ==> Parameters: 263(String), 12(Integer), 1970-01-01(Date), 1970-01-01 08:00:01.997(Timestamp), 23.3(Double), 1970-01-01 08:00:01.996(Timestamp)
2019-05-15 15:28:20,130 DEBUG (BaseJdbcLogger.java:159)- <==    Updates: 1
2019-05-15 15:28:20,131 DEBUG (BaseJdbcLogger.java:159)- ==>  Preparing: insert into zzz ( qwe, asd, zxc, st, fgh, en ) values ( ?, ?, ?, ?, ?, ? ) 
2019-05-15 15:28:20,133 DEBUG (BaseJdbcLogger.java:159)- ==> Parameters: 2563(String), 2(Integer), 1970-01-01(Date), 1970-01-01 08:00:01.995(Timestamp), 23.3(Double), 1970-01-01 08:00:02.001(Timestamp)
2019-05-15 15:28:20,136 DEBUG (BaseJdbcLogger.java:159)- <==    Updates: 1
2019-05-15 15:28:20,138 DEBUG (BaseJdbcLogger.java:159)- ==>  Preparing: insert into zzz ( qwe, asd, zxc, st, fgh, en ) values ( ?, ?, ?, ?, ?, ? ) 
2019-05-15 15:28:20,140 DEBUG (BaseJdbcLogger.java:159)- ==> Parameters: 2353(String), 3(Integer), 1970-01-01(Date), 1970-01-01 08:00:01.993(Timestamp), 23.3(Double), 1970-01-01 08:00:02.002(Timestamp)
2019-05-15 15:28:20,141 DEBUG (BaseJdbcLogger.java:159)- <==    Updates: 1
2019-05-15 15:28:20,143 DEBUG (BaseJdbcLogger.java:159)- ==>  Preparing: insert into zzz ( qwe, asd, zxc, st, fgh, en ) values ( ?, ?, ?, ?, ?, ? ) 
2019-05-15 15:28:20,145 DEBUG (BaseJdbcLogger.java:159)- ==> Parameters: 2383(String), 322(Integer), 1970-01-01(Date), 1970-01-01 08:00:02.005(Timestamp), 23.3(Double), 1970-01-01 08:00:02.003(Timestamp)
2019-05-15 15:28:20,145 DEBUG (BaseJdbcLogger.java:159)- <==    Updates: 1
2019-05-15 15:30:59,793 INFO (StartupInfoLogger.java:50)- Starting TestMapApplication on PC201903011456 with PID 11460 (D:\develop\workSpaces\idea_project\test-map\target\classes started by Administrator in D:\develop\workSpaces\idea_project\test-map)
2019-05-15 15:30:59,798 INFO (SpringApplication.java:652)- No active profile set, falling back to default profiles: default
2019-05-15 15:31:03,898 INFO (StartupInfoLogger.java:59)- Started TestMapApplication in 4.972 seconds (JVM running for 6.018)
2019-05-15 15:31:03,901 INFO (TestMapApplication.java:19)- =========================
2019-05-15 15:31:03,901 ERROR (TestMapApplication.java:21)- 日志测试 log error
2019-05-15 15:31:06,278 DEBUG (BaseJdbcLogger.java:159)- ==>  Preparing: insert into zzz ( qwe, asd, zxc, st, fgh, en ) values ( ?, ?, ?, ?, ?, ? ) 
2019-05-15 15:31:06,302 DEBUG (BaseJdbcLogger.java:159)- ==> Parameters: 213(String), 32(Integer), 1970-01-01(Date), 1970-01-01 08:00:02.003(Timestamp), 23.3(Double), 1970-01-01 08:00:01.992(Timestamp)
2019-05-15 15:31:06,305 DEBUG (BaseJdbcLogger.java:159)- <==    Updates: 1
2019-05-15 15:31:06,308 DEBUG (BaseJdbcLogger.java:159)- ==>  Preparing: insert into zzz ( qwe, asd, zxc, st, fgh, en ) values ( ?, ?, ?, ?, ?, ? ) 
2019-05-15 15:31:06,310 DEBUG (BaseJdbcLogger.java:159)- ==> Parameters: 223(String), 22(Integer), 1970-01-01(Date), 1970-01-01 08:00:01.999(Timestamp), 23.3(Double), 1970-01-01 08:00:01.996(Timestamp)
2019-05-15 15:31:06,311 DEBUG (BaseJdbcLogger.java:159)- <==    Updates: 1
2019-05-15 15:31:06,312 DEBUG (BaseJdbcLogger.java:159)- ==>  Preparing: insert into zzz ( qwe, asd, zxc, st, fgh, en ) values ( ?, ?, ?, ?, ?, ? ) 
2019-05-15 15:31:06,314 DEBUG (BaseJdbcLogger.java:159)- ==> Parameters: 263(String), 12(Integer), 1970-01-01(Date), 1970-01-01 08:00:01.997(Timestamp), 23.3(Double), 1970-01-01 08:00:01.996(Timestamp)
2019-05-15 15:31:06,315 DEBUG (BaseJdbcLogger.java:159)- <==    Updates: 1
2019-05-15 15:31:06,316 DEBUG (BaseJdbcLogger.java:159)- ==>  Preparing: insert into zzz ( qwe, asd, zxc, st, fgh, en ) values ( ?, ?, ?, ?, ?, ? ) 
2019-05-15 15:31:06,317 DEBUG (BaseJdbcLogger.java:159)- ==> Parameters: 2563(String), 2(Integer), 1970-01-01(Date), 1970-01-01 08:00:01.995(Timestamp), 23.3(Double), 1970-01-01 08:00:02.001(Timestamp)
2019-05-15 15:31:06,318 DEBUG (BaseJdbcLogger.java:159)- <==    Updates: 1
2019-05-15 15:31:06,319 DEBUG (BaseJdbcLogger.java:159)- ==>  Preparing: insert into zzz ( qwe, asd, zxc, st, fgh, en ) values ( ?, ?, ?, ?, ?, ? ) 
2019-05-15 15:31:06,321 DEBUG (BaseJdbcLogger.java:159)- ==> Parameters: 2353(String), 3(Integer), 1970-01-01(Date), 1970-01-01 08:00:01.993(Timestamp), 23.3(Double), 1970-01-01 08:00:02.002(Timestamp)
2019-05-15 15:31:06,321 DEBUG (BaseJdbcLogger.java:159)- <==    Updates: 1
2019-05-15 15:31:06,323 DEBUG (BaseJdbcLogger.java:159)- ==>  Preparing: insert into zzz ( qwe, asd, zxc, st, fgh, en ) values ( ?, ?, ?, ?, ?, ? ) 
2019-05-15 15:31:06,325 DEBUG (BaseJdbcLogger.java:159)- ==> Parameters: 2383(String), 322(Integer), 1970-01-01(Date), 1970-01-01 08:00:02.005(Timestamp), 23.3(Double), 1970-01-01 08:00:02.003(Timestamp)
2019-05-15 15:31:06,327 DEBUG (BaseJdbcLogger.java:159)- <==    Updates: 1
2019-05-15 15:48:36,118 INFO (StartupInfoLogger.java:50)- Starting TestMapApplication on PC201903011456 with PID 3360 (D:\develop\workSpaces\idea_project\test-map\target\classes started by Administrator in D:\develop\workSpaces\idea_project\test-map)
2019-05-15 15:48:36,124 INFO (SpringApplication.java:652)- No active profile set, falling back to default profiles: default
2019-05-15 15:48:41,697 INFO (StartupInfoLogger.java:59)- Started TestMapApplication in 6.341 seconds (JVM running for 7.135)
2019-05-15 15:48:41,702 INFO (TestMapApplication.java:19)- =========================
2019-05-15 15:48:41,702 ERROR (TestMapApplication.java:21)- 日志测试 log error
2019-05-15 15:49:49,687 INFO (StartupInfoLogger.java:50)- Starting TestMapApplication on PC201903011456 with PID 9312 (D:\develop\workSpaces\idea_project\test-map\target\classes started by Administrator in D:\develop\workSpaces\idea_project\test-map)
2019-05-15 15:49:49,695 INFO (SpringApplication.java:652)- No active profile set, falling back to default profiles: default
2019-05-15 15:49:53,906 INFO (StartupInfoLogger.java:59)- Started TestMapApplication in 4.932 seconds (JVM running for 5.725)
2019-05-15 15:49:53,912 INFO (TestMapApplication.java:19)- =========================
2019-05-15 15:49:53,912 ERROR (TestMapApplication.java:21)- 日志测试 log error
2019-05-15 15:49:56,073 DEBUG (BaseJdbcLogger.java:159)- ==>  Preparing: SELECT * FROM zzz z WHERE z.st >=? z.en<=? 
2019-05-15 15:49:56,091 DEBUG (BaseJdbcLogger.java:159)- ==> Parameters: 1970-02-03 12:00:00.0(Timestamp), 1970-03-03 12:00:00.0(Timestamp)
2019-05-15 15:50:40,708 INFO (StartupInfoLogger.java:50)- Starting TestMapApplication on PC201903011456 with PID 3612 (D:\develop\workSpaces\idea_project\test-map\target\classes started by Administrator in D:\develop\workSpaces\idea_project\test-map)
2019-05-15 15:50:40,716 INFO (SpringApplication.java:652)- No active profile set, falling back to default profiles: default
2019-05-15 15:50:44,943 INFO (StartupInfoLogger.java:59)- Started TestMapApplication in 5.006 seconds (JVM running for 5.879)
2019-05-15 15:50:44,946 INFO (TestMapApplication.java:19)- =========================
2019-05-15 15:50:44,946 ERROR (TestMapApplication.java:21)- 日志测试 log error
2019-05-15 15:50:48,179 DEBUG (BaseJdbcLogger.java:159)- ==>  Preparing: SELECT * FROM zzz z WHERE z.st >=? AND z.en<=? 
2019-05-15 15:50:48,199 DEBUG (BaseJdbcLogger.java:159)- ==> Parameters: 1970-02-03 12:00:00.0(Timestamp), 1970-03-03 12:00:00.0(Timestamp)
2019-05-15 15:50:48,209 DEBUG (BaseJdbcLogger.java:159)- <==      Total: 0
2019-05-15 15:51:47,115 INFO (StartupInfoLogger.java:50)- Starting TestMapApplication on PC201903011456 with PID 11992 (D:\develop\workSpaces\idea_project\test-map\target\classes started by Administrator in D:\develop\workSpaces\idea_project\test-map)
2019-05-15 15:51:47,127 INFO (SpringApplication.java:652)- No active profile set, falling back to default profiles: default
2019-05-15 15:51:52,703 INFO (StartupInfoLogger.java:59)- Started TestMapApplication in 6.425 seconds (JVM running for 7.269)
2019-05-15 15:51:52,709 INFO (TestMapApplication.java:19)- =========================
2019-05-15 15:51:52,709 ERROR (TestMapApplication.java:21)- 日志测试 log error
2019-05-15 15:51:54,795 DEBUG (BaseJdbcLogger.java:159)- ==>  Preparing: SELECT * FROM zzz z WHERE z.st >=? AND z.en<=? 
2019-05-15 15:51:54,837 DEBUG (BaseJdbcLogger.java:159)- ==> Parameters: 1970-02-03 12:00:00.0(Timestamp), 1970-03-03 12:00:00.0(Timestamp)
2019-05-15 15:51:54,862 DEBUG (BaseJdbcLogger.java:159)- <==      Total: 0
2019-05-15 15:52:37,978 INFO (StartupInfoLogger.java:50)- Starting TestMapApplication on PC201903011456 with PID 12544 (D:\develop\workSpaces\idea_project\test-map\target\classes started by Administrator in D:\develop\workSpaces\idea_project\test-map)
2019-05-15 15:52:37,986 INFO (SpringApplication.java:652)- No active profile set, falling back to default profiles: default
2019-05-15 15:52:42,805 INFO (StartupInfoLogger.java:59)- Started TestMapApplication in 5.708 seconds (JVM running for 6.524)
2019-05-15 15:52:42,809 INFO (TestMapApplication.java:19)- =========================
2019-05-15 15:52:42,810 ERROR (TestMapApplication.java:21)- 日志测试 log error
2019-05-15 15:52:58,822 DEBUG (BaseJdbcLogger.java:159)- ==>  Preparing: SELECT * FROM zzz z WHERE z.st >=? AND z.en<=? 
2019-05-15 15:52:58,844 DEBUG (BaseJdbcLogger.java:159)- ==> Parameters: 1970-02-03 12:00:00.0(Timestamp), 1970-08-03 12:00:00.0(Timestamp)
2019-05-15 15:52:58,862 DEBUG (BaseJdbcLogger.java:159)- <==      Total: 1
2019-05-15 15:55:09,487 INFO (StartupInfoLogger.java:50)- Starting TestMapApplication on PC201903011456 with PID 12224 (D:\develop\workSpaces\idea_project\test-map\target\classes started by Administrator in D:\develop\workSpaces\idea_project\test-map)
2019-05-15 15:55:09,491 INFO (SpringApplication.java:652)- No active profile set, falling back to default profiles: default
2019-05-15 15:55:13,764 INFO (StartupInfoLogger.java:59)- Started TestMapApplication in 4.948 seconds (JVM running for 5.71)
2019-05-15 15:55:13,769 INFO (TestMapApplication.java:19)- =========================
2019-05-15 15:55:13,769 ERROR (TestMapApplication.java:21)- 日志测试 log error
2019-05-15 15:55:16,689 DEBUG (BaseJdbcLogger.java:159)- ==>  Preparing: SELECT * FROM zzz z WHERE z.st >=? 
2019-05-15 15:55:16,713 DEBUG (BaseJdbcLogger.java:159)- ==> Parameters: 1970-02-03 12:00:00.0(Timestamp)
2019-05-15 15:55:16,738 DEBUG (BaseJdbcLogger.java:159)- <==      Total: 3
2019-05-15 15:55:31,983 INFO (StartupInfoLogger.java:50)- Starting TestMapApplication on PC201903011456 with PID 11588 (D:\develop\workSpaces\idea_project\test-map\target\classes started by Administrator in D:\develop\workSpaces\idea_project\test-map)
2019-05-15 15:55:31,988 INFO (SpringApplication.java:652)- No active profile set, falling back to default profiles: default
2019-05-15 15:55:36,185 INFO (StartupInfoLogger.java:59)- Started TestMapApplication in 4.977 seconds (JVM running for 5.759)
2019-05-15 15:55:36,188 INFO (TestMapApplication.java:19)- =========================
2019-05-15 15:55:36,188 ERROR (TestMapApplication.java:21)- 日志测试 log error
2019-05-15 15:55:37,507 DEBUG (BaseJdbcLogger.java:159)- ==>  Preparing: SELECT * FROM zzz z WHERE z.en<=? 
2019-05-15 15:55:37,527 DEBUG (BaseJdbcLogger.java:159)- ==> Parameters: 1970-08-03 12:00:00.0(Timestamp)
2019-05-15 15:55:37,544 DEBUG (BaseJdbcLogger.java:159)- <==      Total: 5
2019-05-15 15:56:14,564 INFO (StartupInfoLogger.java:50)- Starting TestMapApplication on PC201903011456 with PID 6700 (D:\develop\workSpaces\idea_project\test-map\target\classes started by Administrator in D:\develop\workSpaces\idea_project\test-map)
2019-05-15 15:56:14,566 INFO (SpringApplication.java:652)- No active profile set, falling back to default profiles: default
2019-05-15 15:56:18,953 INFO (StartupInfoLogger.java:59)- Started TestMapApplication in 5.09 seconds (JVM running for 5.925)
2019-05-15 15:56:18,957 INFO (TestMapApplication.java:19)- =========================
2019-05-15 15:56:18,958 ERROR (TestMapApplication.java:21)- 日志测试 log error
2019-05-15 15:56:21,205 DEBUG (BaseJdbcLogger.java:159)- ==>  Preparing: SELECT * FROM zzz z 
2019-05-15 15:56:21,225 DEBUG (BaseJdbcLogger.java:159)- ==> Parameters: 
2019-05-15 15:56:21,244 DEBUG (BaseJdbcLogger.java:159)- <==      Total: 7
2019-05-15 15:58:05,328 INFO (StartupInfoLogger.java:50)- Starting TestMapApplication on PC201903011456 with PID 4996 (D:\develop\workSpaces\idea_project\test-map\target\classes started by Administrator in D:\develop\workSpaces\idea_project\test-map)
2019-05-15 15:58:05,333 INFO (SpringApplication.java:652)- No active profile set, falling back to default profiles: default
2019-05-15 15:58:09,625 INFO (StartupInfoLogger.java:59)- Started TestMapApplication in 4.989 seconds (JVM running for 5.737)
2019-05-15 15:58:09,629 INFO (TestMapApplication.java:19)- =========================
2019-05-15 15:58:09,629 ERROR (TestMapApplication.java:21)- 日志测试 log error
2019-05-15 15:58:11,808 DEBUG (BaseJdbcLogger.java:159)- ==>  Preparing: SELECT * FROM zzz z WHERE z.en<=? 
2019-05-15 15:58:11,829 DEBUG (BaseJdbcLogger.java:159)- ==> Parameters: 1970-08-03 12:00:00.0(Timestamp)
2019-05-15 15:58:11,844 DEBUG (BaseJdbcLogger.java:159)- <==      Total: 5
2019-05-15 16:23:31,602 INFO (StartupInfoLogger.java:50)- Starting TestMapApplication on PC201903011456 with PID 4828 (D:\develop\workSpaces\idea_project\test-map\target\classes started by Administrator in D:\develop\workSpaces\idea_project\test-map)
2019-05-15 16:23:31,676 INFO (SpringApplication.java:652)- No active profile set, falling back to default profiles: default
2019-05-15 16:23:36,172 INFO (StartupInfoLogger.java:59)- Started TestMapApplication in 5.406 seconds (JVM running for 6.307)
2019-05-15 16:23:36,177 INFO (TestMapApplication.java:19)- =========================
2019-05-15 16:23:36,178 ERROR (TestMapApplication.java:21)- 日志测试 log error
2019-05-15 16:23:45,048 DEBUG (BaseJdbcLogger.java:159)- ==>  Preparing: SELECT * FROM zzz z WHERE z.en<=? 
2019-05-15 16:23:45,069 DEBUG (BaseJdbcLogger.java:159)- ==> Parameters: 1970-08-03 12:00:00.0(Timestamp)
2019-05-15 16:23:45,086 DEBUG (BaseJdbcLogger.java:159)- <==      Total: 5
2019-05-15 16:23:47,455 DEBUG (BaseJdbcLogger.java:159)- ==>  Preparing: SELECT * FROM zzz z WHERE z.en<=? 
2019-05-15 16:23:47,456 DEBUG (BaseJdbcLogger.java:159)- ==> Parameters: 1970-08-03 12:00:00.0(Timestamp)
2019-05-15 16:23:47,464 DEBUG (BaseJdbcLogger.java:159)- <==      Total: 5
2019-05-15 16:23:48,325 DEBUG (BaseJdbcLogger.java:159)- ==>  Preparing: SELECT * FROM zzz z WHERE z.en<=? 
2019-05-15 16:23:48,326 DEBUG (BaseJdbcLogger.java:159)- ==> Parameters: 1970-08-03 12:00:00.0(Timestamp)
2019-05-15 16:23:48,330 DEBUG (BaseJdbcLogger.java:159)- <==      Total: 5
2019-05-15 16:24:16,088 INFO (StartupInfoLogger.java:50)- Starting TestMapApplication on PC201903011456 with PID 12476 (D:\develop\workSpaces\idea_project\test-map\target\classes started by Administrator in D:\develop\workSpaces\idea_project\test-map)
2019-05-15 16:24:16,100 INFO (SpringApplication.java:652)- No active profile set, falling back to default profiles: default
2019-05-15 16:24:20,441 INFO (StartupInfoLogger.java:59)- Started TestMapApplication in 5.156 seconds (JVM running for 5.932)
2019-05-15 16:24:20,447 INFO (TestMapApplication.java:19)- =========================
2019-05-15 16:24:20,448 ERROR (TestMapApplication.java:21)- 日志测试 log error
2019-05-15 16:24:25,826 DEBUG (BaseJdbcLogger.java:159)- ==>  Preparing: SELECT * FROM zzz z WHERE z.st >=? z.en<=? 
2019-05-15 16:24:25,847 DEBUG (BaseJdbcLogger.java:159)- ==> Parameters: 1970-02-03 12:00:00.0(Timestamp), 1970-08-03 12:00:00.0(Timestamp)
2019-05-15 16:24:37,907 INFO (StartupInfoLogger.java:50)- Starting TestMapApplication on PC201903011456 with PID 9004 (D:\develop\workSpaces\idea_project\test-map\target\classes started by Administrator in D:\develop\workSpaces\idea_project\test-map)
2019-05-15 16:24:37,913 INFO (SpringApplication.java:652)- No active profile set, falling back to default profiles: default
2019-05-15 16:24:41,903 INFO (StartupInfoLogger.java:59)- Started TestMapApplication in 4.722 seconds (JVM running for 5.671)
2019-05-15 16:24:41,907 INFO (TestMapApplication.java:19)- =========================
2019-05-15 16:24:41,907 ERROR (TestMapApplication.java:21)- 日志测试 log error
2019-05-15 16:24:45,538 DEBUG (BaseJdbcLogger.java:159)- ==>  Preparing: SELECT * FROM zzz z WHERE z.st >=? and z.en<=? 
2019-05-15 16:24:45,559 DEBUG (BaseJdbcLogger.java:159)- ==> Parameters: 1970-02-03 12:00:00.0(Timestamp), 1970-08-03 12:00:00.0(Timestamp)
2019-05-15 16:24:45,575 DEBUG (BaseJdbcLogger.java:159)- <==      Total: 1
2019-05-15 16:25:05,116 INFO (StartupInfoLogger.java:50)- Starting TestMapApplication on PC201903011456 with PID 12656 (D:\develop\workSpaces\idea_project\test-map\target\classes started by Administrator in D:\develop\workSpaces\idea_project\test-map)
2019-05-15 16:25:05,122 INFO (SpringApplication.java:652)- No active profile set, falling back to default profiles: default
2019-05-15 16:25:10,023 INFO (StartupInfoLogger.java:59)- Started TestMapApplication in 5.656 seconds (JVM running for 6.554)
2019-05-15 16:25:10,026 INFO (TestMapApplication.java:19)- =========================
2019-05-15 16:25:10,027 ERROR (TestMapApplication.java:21)- 日志测试 log error
2019-05-15 16:25:12,970 DEBUG (BaseJdbcLogger.java:159)- ==>  Preparing: SELECT * FROM zzz z WHERE z.st >=? AND z.en<=? 
2019-05-15 16:25:12,989 DEBUG (BaseJdbcLogger.java:159)- ==> Parameters: 1970-02-03 12:00:00.0(Timestamp), 1970-08-03 12:00:00.0(Timestamp)
2019-05-15 16:25:13,005 DEBUG (BaseJdbcLogger.java:159)- <==      Total: 1
2019-05-15 16:25:15,852 DEBUG (BaseJdbcLogger.java:159)- ==>  Preparing: SELECT * FROM zzz z WHERE z.st >=? AND z.en<=? 
2019-05-15 16:25:15,853 DEBUG (BaseJdbcLogger.java:159)- ==> Parameters: 1970-02-03 12:00:00.0(Timestamp), 1970-08-03 12:00:00.0(Timestamp)
2019-05-15 16:25:15,856 DEBUG (BaseJdbcLogger.java:159)- <==      Total: 1
2019-05-15 18:23:33,524 INFO (StartupInfoLogger.java:50)- Starting TestMapApplication on PC201903011456 with PID 8060 (D:\develop\workSpaces\idea_project\test-map\target\classes started by Administrator in D:\develop\workSpaces\idea_project\test-map)
2019-05-15 18:23:33,529 INFO (SpringApplication.java:652)- No active profile set, falling back to default profiles: default
2019-05-15 18:23:37,242 INFO (StartupInfoLogger.java:59)- Started TestMapApplication in 4.335 seconds (JVM running for 4.981)
2019-05-15 18:23:37,245 INFO (TestMapApplication.java:19)- =========================
2019-05-15 18:23:37,245 ERROR (TestMapApplication.java:21)- 日志测试 log error
2019-05-15 18:23:39,242 DEBUG (BaseJdbcLogger.java:159)- ==>  Preparing: SELECT * FROM zzz z WHERE z.st >=? AND z.en<=? 
2019-05-15 18:23:39,262 DEBUG (BaseJdbcLogger.java:159)- ==> Parameters: 1970-02-03 12:00:00.0(Timestamp), 1970-08-03 12:00:00.0(Timestamp)
2019-05-15 18:23:39,280 DEBUG (BaseJdbcLogger.java:159)- <==      Total: 1
2019-05-15 18:26:34,937 INFO (StartupInfoLogger.java:50)- Starting TestMapApplication on PC201903011456 with PID 10864 (D:\develop\workSpaces\idea_project\test-map\target\classes started by Administrator in D:\develop\workSpaces\idea_project\test-map)
2019-05-15 18:26:34,942 INFO (SpringApplication.java:652)- No active profile set, falling back to default profiles: default
2019-05-15 18:26:38,632 INFO (StartupInfoLogger.java:59)- Started TestMapApplication in 4.26 seconds (JVM running for 4.834)
2019-05-15 18:26:38,635 INFO (TestMapApplication.java:19)- =========================
2019-05-15 18:26:38,636 ERROR (TestMapApplication.java:21)- 日志测试 log error
2019-05-15 18:26:40,734 DEBUG (BaseJdbcLogger.java:159)- ==>  Preparing: SELECT * FROM zzz z WHERE z.st >=? AND z.en<=? 
2019-05-15 18:26:40,753 DEBUG (BaseJdbcLogger.java:159)- ==> Parameters: 1970-02-03 12:00:00.0(Timestamp), 1970-08-03 12:00:00.0(Timestamp)
2019-05-15 18:26:40,768 DEBUG (BaseJdbcLogger.java:159)- <==      Total: 1
2019-05-15 18:26:40,771 DEBUG (BaseJdbcLogger.java:159)- ==>  Preparing: insert into zzz ( qwe, timsta, asd, zxc, st, fgh, en ) values ( ?, ?, ?, ?, ?, ?, ? ) 
2019-05-15 18:26:40,773 DEBUG (BaseJdbcLogger.java:159)- ==> Parameters: 23(String), 1999-03-03 12:23:33.0(Timestamp), 2(Integer), 2019-05-15(Date), 2019-05-15 18:26:40.769(Timestamp), 2.0(Double), 2019-05-15 18:26:40.769(Timestamp)
2019-05-15 18:27:03,918 INFO (StartupInfoLogger.java:50)- Starting TestMapApplication on PC201903011456 with PID 1132 (D:\develop\workSpaces\idea_project\test-map\target\classes started by Administrator in D:\develop\workSpaces\idea_project\test-map)
2019-05-15 18:27:03,924 INFO (SpringApplication.java:652)- No active profile set, falling back to default profiles: default
2019-05-15 18:27:07,433 INFO (StartupInfoLogger.java:59)- Started TestMapApplication in 4.095 seconds (JVM running for 4.743)
2019-05-15 18:27:07,436 INFO (TestMapApplication.java:19)- =========================
2019-05-15 18:27:07,436 ERROR (TestMapApplication.java:21)- 日志测试 log error
2019-05-15 18:27:10,456 DEBUG (BaseJdbcLogger.java:159)- ==>  Preparing: SELECT * FROM zzz z WHERE z.st >=? AND z.en<=? 
2019-05-15 18:27:10,476 DEBUG (BaseJdbcLogger.java:159)- ==> Parameters: 1970-02-03 12:00:00.0(Timestamp), 1970-08-03 12:00:00.0(Timestamp)
2019-05-15 18:27:10,488 DEBUG (BaseJdbcLogger.java:159)- <==      Total: 1
2019-05-15 18:27:10,491 DEBUG (BaseJdbcLogger.java:159)- ==>  Preparing: insert into zzz ( qwe, timsta, asd, zxc, st, fgh, en ) values ( ?, ?, ?, ?, ?, ?, ? ) 
2019-05-15 18:27:10,494 DEBUG (BaseJdbcLogger.java:159)- ==> Parameters: 2213(String), 1999-03-03 12:23:33.0(Timestamp), 2(Integer), 2019-05-15(Date), 2019-05-15 18:27:10.49(Timestamp), 2.0(Double), 2019-05-15 18:27:10.49(Timestamp)
2019-05-15 18:27:10,497 DEBUG (BaseJdbcLogger.java:159)- <==    Updates: 1
2019-05-15 18:29:06,744 INFO (StartupInfoLogger.java:50)- Starting TestMapApplication on PC201903011456 with PID 4144 (D:\develop\workSpaces\idea_project\test-map\target\classes started by Administrator in D:\develop\workSpaces\idea_project\test-map)
2019-05-15 18:29:06,749 INFO (SpringApplication.java:652)- No active profile set, falling back to default profiles: default
2019-05-15 18:29:10,409 INFO (StartupInfoLogger.java:59)- Started TestMapApplication in 4.214 seconds (JVM running for 4.799)
2019-05-15 18:29:10,412 INFO (TestMapApplication.java:19)- =========================
2019-05-15 18:29:10,413 ERROR (TestMapApplication.java:21)- 日志测试 log error
2019-05-15 18:29:12,332 DEBUG (BaseJdbcLogger.java:159)- ==>  Preparing: SELECT * FROM zzz z WHERE z.st >=? AND z.en<=? 
2019-05-15 18:29:12,350 DEBUG (BaseJdbcLogger.java:159)- ==> Parameters: 1970-02-03 12:00:00.0(Timestamp), 1970-08-03 12:00:00.0(Timestamp)
2019-05-15 18:29:12,362 DEBUG (BaseJdbcLogger.java:159)- <==      Total: 1
2019-05-15 18:29:12,366 DEBUG (BaseJdbcLogger.java:159)- ==>  Preparing: insert into zzz ( qwe, timsta, asd, zxc, st, fgh, en ) values ( ?, ?, ?, ?, ?, ?, ? ) 
2019-05-15 18:29:12,369 DEBUG (BaseJdbcLogger.java:159)- ==> Parameters: 21213(String), 1999-03-03 12:23:33.0(Timestamp), 12(Integer), 1999-03-03(Date), 1999-03-03 12:23:33.0(Timestamp), 22.0(Double), 1999-03-03 12:23:33.0(Timestamp)
2019-05-15 18:29:12,370 DEBUG (BaseJdbcLogger.java:159)- <==    Updates: 1
